mode: set
github.com/ellanetworks/core/internal/smf/qos/qos_flow.go:87.105,88.20 1 1
github.com/ellanetworks/core/internal/smf/qos/qos_flow.go:88.20,90.3 1 0
github.com/ellanetworks/core/internal/smf/qos/qos_flow.go:92.2,98.16 3 1
github.com/ellanetworks/core/internal/smf/qos/qos_flow.go:98.16,100.3 1 0
github.com/ellanetworks/core/internal/smf/qos/qos_flow.go:102.2,102.29 1 1
github.com/ellanetworks/core/internal/smf/qos/qos_flow.go:105.103,118.27 5 1
github.com/ellanetworks/core/internal/smf/qos/qos_flow.go:118.27,120.3 1 1
github.com/ellanetworks/core/internal/smf/qos/qos_flow.go:123.2,123.27 1 1
github.com/ellanetworks/core/internal/smf/qos/qos_flow.go:123.27,125.3 1 1
github.com/ellanetworks/core/internal/smf/qos/qos_flow.go:128.2,133.12 3 1
github.com/ellanetworks/core/internal/smf/qos/qos_flow.go:136.59,140.63 2 1
github.com/ellanetworks/core/internal/smf/qos/qos_flow.go:140.63,142.3 1 0
github.com/ellanetworks/core/internal/smf/qos/qos_flow.go:142.8,144.3 1 1
github.com/ellanetworks/core/internal/smf/qos/qos_flow.go:147.2,147.15 1 1
github.com/ellanetworks/core/internal/smf/qos/qos_flow.go:148.14,149.24 1 0
github.com/ellanetworks/core/internal/smf/qos/qos_flow.go:150.14,151.24 1 1
github.com/ellanetworks/core/internal/smf/qos/qos_flow.go:152.14,153.24 1 0
github.com/ellanetworks/core/internal/smf/qos/qos_flow.go:154.10,155.24 1 0
github.com/ellanetworks/core/internal/smf/qos/qos_flow.go:157.2,157.8 1 1
github.com/ellanetworks/core/internal/smf/qos/qos_flow.go:161.59,163.2 1 1
github.com/ellanetworks/core/internal/smf/qos/qos_flow.go:166.62,168.2 1 1
github.com/ellanetworks/core/internal/smf/qos/qos_flow.go:173.55,175.2 1 1
github.com/ellanetworks/core/internal/smf/qos/qos_flow.go:177.93,182.2 4 1
github.com/ellanetworks/core/internal/smf/qos/qos_flow.go:185.73,196.38 4 1
github.com/ellanetworks/core/internal/smf/qos/qos_flow.go:196.38,205.3 3 1
github.com/ellanetworks/core/internal/smf/qos/qos_flow.go:208.2,208.31 1 1
github.com/ellanetworks/core/internal/smf/qos/qos_flow.go:211.60,222.2 7 1
github.com/ellanetworks/core/internal/smf/qos/qos_flow.go:224.79,233.2 6 1
github.com/ellanetworks/core/internal/smf/qos/qos_flow.go:235.84,236.45 1 1
github.com/ellanetworks/core/internal/smf/qos/qos_flow.go:236.45,238.3 1 0
github.com/ellanetworks/core/internal/smf/qos/qos_flow.go:240.2,243.45 2 1
github.com/ellanetworks/core/internal/smf/qos/qos_flow.go:243.45,246.3 2 0
github.com/ellanetworks/core/internal/smf/qos/qos_flow.go:249.2,249.45 1 1
github.com/ellanetworks/core/internal/smf/qos/qos_flow.go:249.45,253.3 3 1
github.com/ellanetworks/core/internal/smf/qos/qos_flow.go:256.2,257.16 2 0
github.com/ellanetworks/core/internal/smf/qos/qos_flow.go:260.87,262.23 1 0
github.com/ellanetworks/core/internal/smf/qos/qos_flow.go:262.23,264.3 1 0
github.com/ellanetworks/core/internal/smf/qos/qos_flow.go:267.2,267.23 1 0
github.com/ellanetworks/core/internal/smf/qos/qos_flow.go:267.23,269.3 1 0
github.com/ellanetworks/core/internal/smf/qos/qos_rule.go:96.55,116.2 2 1
github.com/ellanetworks/core/internal/smf/qos/qos_rule.go:123.63,137.24 5 0
github.com/ellanetworks/core/internal/smf/qos/qos_rule.go:137.24,145.24 3 0
github.com/ellanetworks/core/internal/smf/qos/qos_rule.go:145.24,147.4 1 0
github.com/ellanetworks/core/internal/smf/qos/qos_rule.go:148.8,153.24 2 0
github.com/ellanetworks/core/internal/smf/qos/qos_rule.go:153.24,155.4 1 0
github.com/ellanetworks/core/internal/smf/qos/qos_rule.go:158.2,158.16 1 0
github.com/ellanetworks/core/internal/smf/qos/qos_rule.go:161.56,162.73 1 0
github.com/ellanetworks/core/internal/smf/qos/qos_rule.go:162.73,164.3 1 0
github.com/ellanetworks/core/internal/smf/qos/qos_rule.go:165.2,165.14 1 0
github.com/ellanetworks/core/internal/smf/qos/qos_rule.go:168.78,172.20 2 0
github.com/ellanetworks/core/internal/smf/qos/qos_rule.go:172.20,173.13 1 0
github.com/ellanetworks/core/internal/smf/qos/qos_rule.go:173.13,176.4 2 0
github.com/ellanetworks/core/internal/smf/qos/qos_rule.go:176.9,179.4 2 0
github.com/ellanetworks/core/internal/smf/qos/qos_rule.go:180.8,181.13 1 0
github.com/ellanetworks/core/internal/smf/qos/qos_rule.go:181.13,183.4 1 0
github.com/ellanetworks/core/internal/smf/qos/qos_rule.go:183.9,185.4 1 0
github.com/ellanetworks/core/internal/smf/qos/qos_rule.go:189.76,191.12 2 0
github.com/ellanetworks/core/internal/smf/qos/qos_rule.go:191.12,193.3 1 0
github.com/ellanetworks/core/internal/smf/qos/qos_rule.go:193.8,195.3 1 0
github.com/ellanetworks/core/internal/smf/qos/qos_rule.go:198.2,198.24 1 0
github.com/ellanetworks/core/internal/smf/qos/qos_rule.go:198.24,199.13 1 0
github.com/ellanetworks/core/internal/smf/qos/qos_rule.go:199.13,201.4 1 0
github.com/ellanetworks/core/internal/smf/qos/qos_rule.go:201.9,203.4 1 0
github.com/ellanetworks/core/internal/smf/qos/qos_rule.go:207.55,215.30 3 0
github.com/ellanetworks/core/internal/smf/qos/qos_rule.go:215.30,224.3 5 0
github.com/ellanetworks/core/internal/smf/qos/qos_rule.go:227.2,227.74 1 0
github.com/ellanetworks/core/internal/smf/qos/qos_rule.go:227.74,230.3 2 0
github.com/ellanetworks/core/internal/smf/qos/qos_rule.go:233.2,233.69 1 0
github.com/ellanetworks/core/internal/smf/qos/qos_rule.go:233.69,236.3 2 0
github.com/ellanetworks/core/internal/smf/qos/qos_rule.go:239.2,239.67 1 0
github.com/ellanetworks/core/internal/smf/qos/qos_rule.go:239.67,242.3 2 0
github.com/ellanetworks/core/internal/smf/qos/qos_rule.go:245.2,245.82 1 0
github.com/ellanetworks/core/internal/smf/qos/qos_rule.go:245.82,248.3 2 0
github.com/ellanetworks/core/internal/smf/qos/qos_rule.go:251.2,251.68 1 0
github.com/ellanetworks/core/internal/smf/qos/qos_rule.go:251.68,254.3 2 0
github.com/ellanetworks/core/internal/smf/qos/qos_rule.go:257.2,257.66 1 0
github.com/ellanetworks/core/internal/smf/qos/qos_rule.go:257.66,260.3 2 0
github.com/ellanetworks/core/internal/smf/qos/qos_rule.go:263.2,263.81 1 0
github.com/ellanetworks/core/internal/smf/qos/qos_rule.go:263.81,266.3 2 0
github.com/ellanetworks/core/internal/smf/qos/qos_rule.go:268.2,268.22 1 0
github.com/ellanetworks/core/internal/smf/qos/qos_rule.go:271.92,274.11 2 0
github.com/ellanetworks/core/internal/smf/qos/qos_rule.go:274.11,277.29 2 0
github.com/ellanetworks/core/internal/smf/qos/qos_rule.go:277.29,279.4 1 0
github.com/ellanetworks/core/internal/smf/qos/qos_rule.go:280.8,282.24 1 0
github.com/ellanetworks/core/internal/smf/qos/qos_rule.go:282.24,284.4 1 0
github.com/ellanetworks/core/internal/smf/qos/qos_rule.go:287.2,294.52 3 0
github.com/ellanetworks/core/internal/smf/qos/qos_rule.go:294.52,296.3 1 0
github.com/ellanetworks/core/internal/smf/qos/qos_rule.go:296.8,298.44 1 0
github.com/ellanetworks/core/internal/smf/qos/qos_rule.go:298.44,300.4 1 0
github.com/ellanetworks/core/internal/smf/qos/qos_rule.go:300.9,303.4 2 0
github.com/ellanetworks/core/internal/smf/qos/qos_rule.go:306.2,306.20 1 0
github.com/ellanetworks/core/internal/smf/qos/qos_rule.go:306.20,310.3 3 0
github.com/ellanetworks/core/internal/smf/qos/qos_rule.go:310.8,313.3 2 0
github.com/ellanetworks/core/internal/smf/qos/qos_rule.go:315.2,315.15 1 0
github.com/ellanetworks/core/internal/smf/qos/qos_rule.go:318.78,319.15 1 0
github.com/ellanetworks/core/internal/smf/qos/qos_rule.go:319.15,321.3 1 0
github.com/ellanetworks/core/internal/smf/qos/qos_rule.go:323.2,324.11 2 0
github.com/ellanetworks/core/internal/smf/qos/qos_rule.go:324.11,326.3 1 0
github.com/ellanetworks/core/internal/smf/qos/qos_rule.go:328.2,333.48 2 0
github.com/ellanetworks/core/internal/smf/qos/qos_rule.go:333.48,334.42 1 0
github.com/ellanetworks/core/internal/smf/qos/qos_rule.go:334.42,337.4 2 0
github.com/ellanetworks/core/internal/smf/qos/qos_rule.go:337.9,339.4 1 0
github.com/ellanetworks/core/internal/smf/qos/qos_rule.go:341.2,341.15 1 0
github.com/ellanetworks/core/internal/smf/qos/qos_rule.go:344.98,345.47 1 0
github.com/ellanetworks/core/internal/smf/qos/qos_rule.go:345.47,347.3 1 0
github.com/ellanetworks/core/internal/smf/qos/qos_rule.go:349.2,350.11 2 0
github.com/ellanetworks/core/internal/smf/qos/qos_rule.go:350.11,352.3 1 0
github.com/ellanetworks/core/internal/smf/qos/qos_rule.go:354.2,360.57 2 0
github.com/ellanetworks/core/internal/smf/qos/qos_rule.go:360.57,361.42 1 0
github.com/ellanetworks/core/internal/smf/qos/qos_rule.go:361.42,364.4 2 0
github.com/ellanetworks/core/internal/smf/qos/qos_rule.go:364.9,366.4 1 0
github.com/ellanetworks/core/internal/smf/qos/qos_rule.go:370.2,370.58 1 0
github.com/ellanetworks/core/internal/smf/qos/qos_rule.go:370.58,371.42 1 0
github.com/ellanetworks/core/internal/smf/qos/qos_rule.go:371.42,374.4 2 0
github.com/ellanetworks/core/internal/smf/qos/qos_rule.go:374.9,376.4 1 0
github.com/ellanetworks/core/internal/smf/qos/qos_rule.go:378.2,378.15 1 0
github.com/ellanetworks/core/internal/smf/qos/qos_rule.go:381.72,382.17 1 0
github.com/ellanetworks/core/internal/smf/qos/qos_rule.go:382.17,384.3 1 0
github.com/ellanetworks/core/internal/smf/qos/qos_rule.go:386.2,391.63 2 0
github.com/ellanetworks/core/internal/smf/qos/qos_rule.go:391.63,395.3 3 0
github.com/ellanetworks/core/internal/smf/qos/qos_rule.go:395.8,397.3 1 0
github.com/ellanetworks/core/internal/smf/qos/qos_rule.go:399.2,399.15 1 0
github.com/ellanetworks/core/internal/smf/qos/qos_rule.go:402.57,407.16 4 1
github.com/ellanetworks/core/internal/smf/qos/qos_rule.go:407.16,409.3 1 0
github.com/ellanetworks/core/internal/smf/qos/qos_rule.go:411.2,412.16 2 1
github.com/ellanetworks/core/internal/smf/qos/qos_rule.go:412.16,414.3 1 0
github.com/ellanetworks/core/internal/smf/qos/qos_rule.go:416.2,416.37 1 1
github.com/ellanetworks/core/internal/smf/qos/qos_rule.go:416.37,418.17 2 1
github.com/ellanetworks/core/internal/smf/qos/qos_rule.go:418.17,420.4 1 0
github.com/ellanetworks/core/internal/smf/qos/qos_rule.go:421.3,422.17 2 1
github.com/ellanetworks/core/internal/smf/qos/qos_rule.go:422.17,424.4 1 0
github.com/ellanetworks/core/internal/smf/qos/qos_rule.go:427.2,427.40 1 1
github.com/ellanetworks/core/internal/smf/qos/qos_rule.go:430.51,438.40 5 1
github.com/ellanetworks/core/internal/smf/qos/qos_rule.go:438.40,440.65 2 1
github.com/ellanetworks/core/internal/smf/qos/qos_rule.go:440.65,442.4 1 0
github.com/ellanetworks/core/internal/smf/qos/qos_rule.go:442.9,444.4 1 1
github.com/ellanetworks/core/internal/smf/qos/qos_rule.go:446.3,446.76 1 1
github.com/ellanetworks/core/internal/smf/qos/qos_rule.go:446.76,448.4 1 0
github.com/ellanetworks/core/internal/smf/qos/qos_rule.go:452.2,452.78 1 1
github.com/ellanetworks/core/internal/smf/qos/qos_rule.go:452.78,454.3 1 0
github.com/ellanetworks/core/internal/smf/qos/qos_rule.go:457.2,457.66 1 1
github.com/ellanetworks/core/internal/smf/qos/qos_rule.go:457.66,459.3 1 0
github.com/ellanetworks/core/internal/smf/qos/qos_rule.go:462.2,463.75 2 1
github.com/ellanetworks/core/internal/smf/qos/qos_rule.go:463.75,465.3 1 0
github.com/ellanetworks/core/internal/smf/qos/qos_rule.go:467.2,469.59 2 1
github.com/ellanetworks/core/internal/smf/qos/qos_rule.go:469.59,471.3 1 0
github.com/ellanetworks/core/internal/smf/qos/qos_rule.go:474.2,474.100 1 1
github.com/ellanetworks/core/internal/smf/qos/qos_rule.go:474.100,476.3 1 0
github.com/ellanetworks/core/internal/smf/qos/qos_rule.go:478.2,478.66 1 1
github.com/ellanetworks/core/internal/smf/qos/qos_rule.go:478.66,480.3 1 0
github.com/ellanetworks/core/internal/smf/qos/qos_rule.go:482.2,482.32 1 1
github.com/ellanetworks/core/internal/smf/qos/qos_rule.go:487.61,490.26 2 0
github.com/ellanetworks/core/internal/smf/qos/qos_rule.go:490.26,492.60 2 0
github.com/ellanetworks/core/internal/smf/qos/qos_rule.go:492.60,494.4 1 0
github.com/ellanetworks/core/internal/smf/qos/qos_rule.go:494.9,496.4 1 0
github.com/ellanetworks/core/internal/smf/qos/qos_rule.go:498.3,498.60 1 0
github.com/ellanetworks/core/internal/smf/qos/qos_rule.go:498.60,500.4 1 0
github.com/ellanetworks/core/internal/smf/qos/qos_rule.go:502.2,502.36 1 0
github.com/ellanetworks/core/internal/smf/qos/session_rule.go:18.92,22.47 2 1
github.com/ellanetworks/core/internal/smf/qos/session_rule.go:22.47,24.3 1 0
github.com/ellanetworks/core/internal/smf/qos/session_rule.go:27.2,27.47 1 1
github.com/ellanetworks/core/internal/smf/qos/session_rule.go:27.47,30.3 2 0
github.com/ellanetworks/core/internal/smf/qos/session_rule.go:33.2,33.47 1 1
github.com/ellanetworks/core/internal/smf/qos/session_rule.go:33.47,36.3 2 0
github.com/ellanetworks/core/internal/smf/qos/session_rule.go:38.2,38.16 1 1
github.com/ellanetworks/core/internal/smf/qos/session_rule.go:41.89,43.23 1 0
github.com/ellanetworks/core/internal/smf/qos/session_rule.go:43.23,45.3 1 0
github.com/ellanetworks/core/internal/smf/qos/session_rule.go:48.2,48.23 1 0
github.com/ellanetworks/core/internal/smf/qos/session_rule.go:48.23,50.3 1 0
github.com/ellanetworks/core/internal/smf/qos/session_rule.go:53.2,53.69 1 0
github.com/ellanetworks/core/internal/smf/qos/smPolicyData.go:32.116,45.2 5 1
github.com/ellanetworks/core/internal/smf/qos/smPolicyData.go:47.98,49.41 1 0
github.com/ellanetworks/core/internal/smf/qos/smPolicyData.go:49.41,51.3 1 0
github.com/ellanetworks/core/internal/smf/qos/smPolicyData.go:54.2,54.42 1 0
github.com/ellanetworks/core/internal/smf/qos/smPolicyData.go:54.42,56.3 1 0
github.com/ellanetworks/core/internal/smf/qos/smPolicyData.go:58.2,58.12 1 0
github.com/ellanetworks/core/internal/ausf/auth_data.go:22.64,28.16 5 0
github.com/ellanetworks/core/internal/ausf/auth_data.go:28.16,30.3 1 0
github.com/ellanetworks/core/internal/ausf/auth_data.go:32.2,33.16 2 0
github.com/ellanetworks/core/internal/ausf/auth_data.go:33.16,35.3 1 0
github.com/ellanetworks/core/internal/ausf/auth_data.go:37.2,37.19 1 0
github.com/ellanetworks/core/internal/ausf/auth_data.go:37.19,39.3 1 0
github.com/ellanetworks/core/internal/ausf/auth_data.go:41.2,42.16 2 0
github.com/ellanetworks/core/internal/ausf/auth_data.go:42.16,44.3 1 0
github.com/ellanetworks/core/internal/ausf/auth_data.go:46.2,46.25 1 0
github.com/ellanetworks/core/internal/ausf/auth_data.go:49.40,52.11 2 0
github.com/ellanetworks/core/internal/ausf/auth_data.go:52.11,54.3 1 0
github.com/ellanetworks/core/internal/ausf/auth_data.go:56.2,56.19 1 0
github.com/ellanetworks/core/internal/ausf/auth_data.go:59.147,66.35 4 1
github.com/ellanetworks/core/internal/ausf/auth_data.go:66.35,68.3 1 0
github.com/ellanetworks/core/internal/ausf/auth_data.go:70.2,71.16 2 1
github.com/ellanetworks/core/internal/ausf/auth_data.go:71.16,73.3 1 0
github.com/ellanetworks/core/internal/ausf/auth_data.go:75.2,76.16 2 1
github.com/ellanetworks/core/internal/ausf/auth_data.go:76.16,78.3 1 1
github.com/ellanetworks/core/internal/ausf/auth_data.go:80.2,81.16 2 0
github.com/ellanetworks/core/internal/ausf/auth_data.go:81.16,83.3 1 0
github.com/ellanetworks/core/internal/ausf/auth_data.go:91.2,91.35 1 0
github.com/ellanetworks/core/internal/ausf/auth_data.go:91.35,93.3 1 0
github.com/ellanetworks/core/internal/ausf/auth_data.go:95.2,95.26 1 0
github.com/ellanetworks/core/internal/ausf/auth_data.go:95.26,97.3 1 0
github.com/ellanetworks/core/internal/ausf/auth_data.go:99.2,100.16 2 0
github.com/ellanetworks/core/internal/ausf/auth_data.go:100.16,102.3 1 0
github.com/ellanetworks/core/internal/ausf/auth_data.go:104.2,105.16 2 0
github.com/ellanetworks/core/internal/ausf/auth_data.go:105.16,107.3 1 0
github.com/ellanetworks/core/internal/ausf/auth_data.go:109.2,114.16 4 0
github.com/ellanetworks/core/internal/ausf/auth_data.go:114.16,116.3 1 0
github.com/ellanetworks/core/internal/ausf/auth_data.go:119.2,119.50 1 0
github.com/ellanetworks/core/internal/ausf/auth_data.go:119.50,121.17 2 0
github.com/ellanetworks/core/internal/ausf/auth_data.go:121.17,123.4 1 0
github.com/ellanetworks/core/internal/ausf/auth_data.go:125.3,126.17 2 0
github.com/ellanetworks/core/internal/ausf/auth_data.go:126.17,128.4 1 0
github.com/ellanetworks/core/internal/ausf/auth_data.go:130.3,131.17 2 0
github.com/ellanetworks/core/internal/ausf/auth_data.go:131.17,133.4 1 0
github.com/ellanetworks/core/internal/ausf/auth_data.go:135.3,135.41 1 0
github.com/ellanetworks/core/internal/ausf/auth_data.go:135.41,137.4 1 0
github.com/ellanetworks/core/internal/ausf/auth_data.go:139.3,140.17 2 0
github.com/ellanetworks/core/internal/ausf/auth_data.go:140.17,142.4 1 0
github.com/ellanetworks/core/internal/ausf/auth_data.go:145.3,155.33 9 0
github.com/ellanetworks/core/internal/ausf/auth_data.go:159.2,162.16 3 0
github.com/ellanetworks/core/internal/ausf/auth_data.go:162.16,164.3 1 0
github.com/ellanetworks/core/internal/ausf/auth_data.go:166.2,175.16 7 0
github.com/ellanetworks/core/internal/ausf/auth_data.go:175.16,177.3 1 0
github.com/ellanetworks/core/internal/ausf/auth_data.go:180.2,186.16 6 0
github.com/ellanetworks/core/internal/ausf/auth_data.go:186.16,188.3 1 0
github.com/ellanetworks/core/internal/ausf/auth_data.go:191.2,192.16 2 0
github.com/ellanetworks/core/internal/ausf/auth_data.go:192.16,194.3 1 0
github.com/ellanetworks/core/internal/ausf/auth_data.go:198.2,199.16 2 0
github.com/ellanetworks/core/internal/ausf/auth_data.go:199.16,201.3 1 0
github.com/ellanetworks/core/internal/ausf/auth_data.go:204.2,206.21 2 0
github.com/ellanetworks/core/internal/ausf/auth_data.go:206.21,208.3 1 0
github.com/ellanetworks/core/internal/ausf/auth_data.go:210.2,220.16 8 0
github.com/ellanetworks/core/internal/ausf/auth_data.go:220.16,222.3 1 0
github.com/ellanetworks/core/internal/ausf/auth_data.go:224.2,232.16 6 0
github.com/ellanetworks/core/internal/ausf/auth_data.go:232.16,234.3 1 0
github.com/ellanetworks/core/internal/ausf/auth_data.go:236.2,244.8 1 0
github.com/ellanetworks/core/internal/ausf/context.go:35.13,39.2 1 1
github.com/ellanetworks/core/internal/ausf/context.go:41.68,46.2 3 0
github.com/ellanetworks/core/internal/ausf/context.go:48.47,53.9 4 0
github.com/ellanetworks/core/internal/ausf/context.go:53.9,55.3 1 0
github.com/ellanetworks/core/internal/ausf/context.go:57.2,57.22 1 0
github.com/ellanetworks/core/internal/ausf/context.go:60.53,62.2 1 0
github.com/ellanetworks/core/internal/ausf/context.go:64.43,67.2 2 1
github.com/ellanetworks/core/internal/ausf/milenage.go:22.60,29.26 3 1
github.com/ellanetworks/core/internal/ausf/milenage.go:29.26,31.3 1 1
github.com/ellanetworks/core/internal/ausf/milenage.go:34.2,35.16 2 1
github.com/ellanetworks/core/internal/ausf/milenage.go:35.16,37.3 1 0
github.com/ellanetworks/core/internal/ausf/milenage.go:39.2,49.26 6 1
github.com/ellanetworks/core/internal/ausf/milenage.go:49.26,51.3 1 1
github.com/ellanetworks/core/internal/ausf/milenage.go:54.2,54.26 1 1
github.com/ellanetworks/core/internal/ausf/milenage.go:54.26,56.3 1 1
github.com/ellanetworks/core/internal/ausf/milenage.go:61.2,64.26 3 1
github.com/ellanetworks/core/internal/ausf/milenage.go:64.26,66.3 1 1
github.com/ellanetworks/core/internal/ausf/milenage.go:67.2,67.17 1 1
github.com/ellanetworks/core/internal/ausf/milenage.go:67.17,69.3 1 1
github.com/ellanetworks/core/internal/ausf/milenage.go:71.2,71.17 1 1
github.com/ellanetworks/core/internal/ausf/milenage.go:71.17,73.3 1 1
github.com/ellanetworks/core/internal/ausf/milenage.go:75.2,75.12 1 1
github.com/ellanetworks/core/internal/ausf/milenage.go:90.66,94.20 2 1
github.com/ellanetworks/core/internal/ausf/milenage.go:94.20,96.3 1 1
github.com/ellanetworks/core/internal/ausf/milenage.go:98.2,99.16 2 1
github.com/ellanetworks/core/internal/ausf/milenage.go:99.16,101.3 1 0
github.com/ellanetworks/core/internal/ausf/milenage.go:103.2,113.20 3 1
github.com/ellanetworks/core/internal/ausf/milenage.go:113.20,115.3 1 1
github.com/ellanetworks/core/internal/ausf/milenage.go:116.2,127.20 4 1
github.com/ellanetworks/core/internal/ausf/milenage.go:127.20,129.3 1 1
github.com/ellanetworks/core/internal/ausf/milenage.go:131.2,131.16 1 1
github.com/ellanetworks/core/internal/ausf/milenage.go:131.16,133.3 1 1
github.com/ellanetworks/core/internal/ausf/milenage.go:135.2,135.15 1 1
github.com/ellanetworks/core/internal/ausf/milenage.go:135.15,137.3 1 1
github.com/ellanetworks/core/internal/ausf/milenage.go:150.2,150.15 1 1
github.com/ellanetworks/core/internal/ausf/milenage.go:150.15,152.21 1 1
github.com/ellanetworks/core/internal/ausf/milenage.go:152.21,154.4 1 1
github.com/ellanetworks/core/internal/ausf/milenage.go:155.3,159.21 3 1
github.com/ellanetworks/core/internal/ausf/milenage.go:159.21,161.4 1 1
github.com/ellanetworks/core/internal/ausf/milenage.go:177.2,177.15 1 1
github.com/ellanetworks/core/internal/ausf/milenage.go:177.15,179.21 1 1
github.com/ellanetworks/core/internal/ausf/milenage.go:179.21,181.4 1 1
github.com/ellanetworks/core/internal/ausf/milenage.go:182.3,186.21 3 1
github.com/ellanetworks/core/internal/ausf/milenage.go:186.21,188.4 1 1
github.com/ellanetworks/core/internal/ausf/milenage.go:204.2,204.19 1 1
github.com/ellanetworks/core/internal/ausf/milenage.go:204.19,206.21 1 1
github.com/ellanetworks/core/internal/ausf/milenage.go:206.21,208.4 1 1
github.com/ellanetworks/core/internal/ausf/milenage.go:209.3,213.20 3 1
github.com/ellanetworks/core/internal/ausf/milenage.go:213.20,215.4 1 1
github.com/ellanetworks/core/internal/ausf/milenage.go:230.2,230.12 1 1
github.com/ellanetworks/core/internal/ausf/suci.go:47.67,50.42 2 0
github.com/ellanetworks/core/internal/ausf/suci.go:50.42,52.3 1 0
github.com/ellanetworks/core/internal/ausf/suci.go:54.2,57.20 3 0
github.com/ellanetworks/core/internal/ausf/suci.go:60.59,64.16 3 0
github.com/ellanetworks/core/internal/ausf/suci.go:64.16,66.3 1 0
github.com/ellanetworks/core/internal/ausf/suci.go:68.2,71.20 3 0
github.com/ellanetworks/core/internal/ausf/suci.go:74.110,80.34 4 0
github.com/ellanetworks/core/internal/ausf/suci.go:80.34,87.3 6 0
github.com/ellanetworks/core/internal/ausf/suci.go:89.2,89.15 1 0
github.com/ellanetworks/core/internal/ausf/suci.go:92.39,95.26 2 0
github.com/ellanetworks/core/internal/ausf/suci.go:95.26,97.3 1 0
github.com/ellanetworks/core/internal/ausf/suci.go:99.2,99.15 1 0
github.com/ellanetworks/core/internal/ausf/suci.go:102.72,105.26 2 0
github.com/ellanetworks/core/internal/ausf/suci.go:105.26,107.47 2 0
github.com/ellanetworks/core/internal/ausf/suci.go:107.47,109.4 1 0
github.com/ellanetworks/core/internal/ausf/suci.go:110.8,112.3 1 0
github.com/ellanetworks/core/internal/ausf/suci.go:114.2,114.21 1 0
github.com/ellanetworks/core/internal/ausf/suci.go:117.67,119.25 2 0
github.com/ellanetworks/core/internal/ausf/suci.go:119.25,121.3 1 0
github.com/ellanetworks/core/internal/ausf/suci.go:125.2,126.47 2 0
github.com/ellanetworks/core/internal/ausf/suci.go:126.47,128.3 1 0
github.com/ellanetworks/core/internal/ausf/suci.go:130.2,139.16 6 0
github.com/ellanetworks/core/internal/ausf/suci.go:139.16,141.3 1 0
github.com/ellanetworks/core/internal/ausf/suci.go:143.2,146.16 3 0
github.com/ellanetworks/core/internal/ausf/suci.go:146.16,148.3 1 0
github.com/ellanetworks/core/internal/ausf/suci.go:150.2,157.16 7 0
github.com/ellanetworks/core/internal/ausf/suci.go:157.16,159.3 1 0
github.com/ellanetworks/core/internal/ausf/suci.go:161.2,161.45 1 0
github.com/ellanetworks/core/internal/ausf/suci.go:161.45,163.3 1 0
github.com/ellanetworks/core/internal/ausf/suci.go:165.2,166.16 2 0
github.com/ellanetworks/core/internal/ausf/suci.go:166.16,168.3 1 0
github.com/ellanetworks/core/internal/ausf/suci.go:170.2,170.58 1 0
github.com/ellanetworks/core/internal/ausf/suci.go:173.61,177.20 3 1
github.com/ellanetworks/core/internal/ausf/suci.go:178.21,179.19 1 0
github.com/ellanetworks/core/internal/ausf/suci.go:180.14,181.24 1 0
github.com/ellanetworks/core/internal/ausf/suci.go:181.24,183.4 1 0
github.com/ellanetworks/core/internal/ausf/suci.go:184.10,185.63 1 1
github.com/ellanetworks/core/internal/ausf/suci.go:188.2,191.26 3 0
github.com/ellanetworks/core/internal/ausf/suci.go:191.26,193.3 1 0
github.com/ellanetworks/core/internal/ausf/suci.go:195.2,195.30 1 0
github.com/ellanetworks/core/internal/ausf/suci.go:195.30,197.3 1 0
github.com/ellanetworks/core/internal/ausf/suci.go:199.2,199.30 1 0
github.com/ellanetworks/core/internal/ausf/suci.go:199.30,201.3 1 0
github.com/ellanetworks/core/internal/ausf/suci.go:203.2,204.16 2 0
github.com/ellanetworks/core/internal/ausf/suci.go:204.16,206.3 1 0
github.com/ellanetworks/core/internal/ausf/suci.go:208.2,208.37 1 0
github.com/ellanetworks/core/internal/ausf/ue_authentication.go:22.131,33.31 7 0
github.com/ellanetworks/core/internal/ausf/ue_authentication.go:33.31,35.3 1 0
github.com/ellanetworks/core/internal/ausf/ue_authentication.go:37.2,41.59 2 0
github.com/ellanetworks/core/internal/ausf/ue_authentication.go:41.59,43.32 2 0
github.com/ellanetworks/core/internal/ausf/ue_authentication.go:43.32,45.4 1 0
github.com/ellanetworks/core/internal/ausf/ue_authentication.go:46.3,47.85 2 0
github.com/ellanetworks/core/internal/ausf/ue_authentication.go:50.2,51.16 2 0
github.com/ellanetworks/core/internal/ausf/ue_authentication.go:51.16,53.3 1 0
github.com/ellanetworks/core/internal/ausf/ue_authentication.go:56.2,59.16 3 0
github.com/ellanetworks/core/internal/ausf/ue_authentication.go:59.16,61.3 1 0
github.com/ellanetworks/core/internal/ausf/ue_authentication.go:63.2,68.16 4 0
github.com/ellanetworks/core/internal/ausf/ue_authentication.go:68.16,70.3 1 0
github.com/ellanetworks/core/internal/ausf/ue_authentication.go:72.2,75.16 3 0
github.com/ellanetworks/core/internal/ausf/ue_authentication.go:75.16,77.3 1 0
github.com/ellanetworks/core/internal/ausf/ue_authentication.go:79.2,92.8 3 0
github.com/ellanetworks/core/internal/ausf/ue_authentication.go:95.92,97.31 2 0
github.com/ellanetworks/core/internal/ausf/ue_authentication.go:97.31,99.3 1 0
github.com/ellanetworks/core/internal/ausf/ue_authentication.go:101.2,101.64 1 0
github.com/ellanetworks/core/internal/ausf/ue_authentication.go:101.64,103.3 1 0
github.com/ellanetworks/core/internal/ausf/ue_authentication.go:105.2,105.63 1 0
github.com/ellanetworks/core/internal/db/api_tokens.go:50.122,66.16 4 1
github.com/ellanetworks/core/internal/db/api_tokens.go:66.16,70.3 3 0
github.com/ellanetworks/core/internal/db/api_tokens.go:72.2,82.16 5 1
github.com/ellanetworks/core/internal/db/api_tokens.go:82.16,83.27 1 1
github.com/ellanetworks/core/internal/db/api_tokens.go:83.27,86.4 2 1
github.com/ellanetworks/core/internal/db/api_tokens.go:87.3,89.21 3 0
github.com/ellanetworks/core/internal/db/api_tokens.go:92.2,94.27 2 1
github.com/ellanetworks/core/internal/db/api_tokens.go:98.83,112.16 4 1
github.com/ellanetworks/core/internal/db/api_tokens.go:112.16,113.29 1 0
github.com/ellanetworks/core/internal/db/api_tokens.go:113.29,117.4 3 0
github.com/ellanetworks/core/internal/db/api_tokens.go:118.3,120.13 3 0
github.com/ellanetworks/core/internal/db/api_tokens.go:123.2,125.12 2 1
github.com/ellanetworks/core/internal/db/api_tokens.go:128.98,144.16 5 0
github.com/ellanetworks/core/internal/db/api_tokens.go:144.16,145.36 1 0
github.com/ellanetworks/core/internal/db/api_tokens.go:145.36,147.4 1 0
github.com/ellanetworks/core/internal/db/api_tokens.go:149.3,151.18 3 0
github.com/ellanetworks/core/internal/db/api_tokens.go:154.2,156.18 2 0
github.com/ellanetworks/core/internal/db/api_tokens.go:159.106,175.16 5 0
github.com/ellanetworks/core/internal/db/api_tokens.go:175.16,179.3 3 0
github.com/ellanetworks/core/internal/db/api_tokens.go:181.2,183.18 2 0
github.com/ellanetworks/core/internal/db/api_tokens.go:186.71,202.16 5 1
github.com/ellanetworks/core/internal/db/api_tokens.go:202.16,206.3 3 0
github.com/ellanetworks/core/internal/db/api_tokens.go:208.2,210.12 2 1
github.com/ellanetworks/core/internal/db/api_tokens.go:213.84,231.16 6 1
github.com/ellanetworks/core/internal/db/api_tokens.go:231.16,235.3 3 0
github.com/ellanetworks/core/internal/db/api_tokens.go:237.2,239.26 2 1
github.com/ellanetworks/core/internal/db/audit_logs.go:40.92,54.16 4 1
github.com/ellanetworks/core/internal/db/audit_logs.go:54.16,58.3 3 0
github.com/ellanetworks/core/internal/db/audit_logs.go:60.2,62.12 2 1
github.com/ellanetworks/core/internal/db/audit_logs.go:65.113,86.16 5 1
github.com/ellanetworks/core/internal/db/audit_logs.go:86.16,90.3 3 0
github.com/ellanetworks/core/internal/db/audit_logs.go:92.2,95.16 3 1
github.com/ellanetworks/core/internal/db/audit_logs.go:95.16,96.27 1 1
github.com/ellanetworks/core/internal/db/audit_logs.go:96.27,99.4 2 1
github.com/ellanetworks/core/internal/db/audit_logs.go:100.3,102.21 3 0
github.com/ellanetworks/core/internal/db/audit_logs.go:105.2,107.25 2 1
github.com/ellanetworks/core/internal/db/audit_logs.go:111.77,130.82 5 1
github.com/ellanetworks/core/internal/db/audit_logs.go:130.82,134.3 3 0
github.com/ellanetworks/core/internal/db/audit_logs.go:136.2,138.12 2 1
github.com/ellanetworks/core/internal/db/audit_logs.go:141.70,157.16 5 1
github.com/ellanetworks/core/internal/db/audit_logs.go:157.16,158.27 1 0
github.com/ellanetworks/core/internal/db/audit_logs.go:158.27,161.4 2 0
github.com/ellanetworks/core/internal/db/audit_logs.go:162.3,164.16 3 0
github.com/ellanetworks/core/internal/db/audit_logs.go:167.2,169.26 2 1
github.com/ellanetworks/core/internal/db/backup.go:13.81,18.16 4 1
github.com/ellanetworks/core/internal/db/backup.go:18.16,20.3 1 0
github.com/ellanetworks/core/internal/db/backup.go:22.2,22.12 1 1
github.com/ellanetworks/core/internal/db/daily_usage.go:93.40,97.2 3 1
github.com/ellanetworks/core/internal/db/daily_usage.go:99.42,101.2 1 0
github.com/ellanetworks/core/internal/db/daily_usage.go:103.41,105.2 1 0
github.com/ellanetworks/core/internal/db/daily_usage.go:107.42,109.2 1 0
github.com/ellanetworks/core/internal/db/daily_usage.go:111.86,125.16 4 1
github.com/ellanetworks/core/internal/db/daily_usage.go:125.16,129.3 3 0
github.com/ellanetworks/core/internal/db/daily_usage.go:131.2,133.12 2 1
github.com/ellanetworks/core/internal/db/daily_usage.go:136.133,154.16 4 1
github.com/ellanetworks/core/internal/db/daily_usage.go:154.16,156.3 1 1
github.com/ellanetworks/core/internal/db/daily_usage.go:158.2,161.16 3 1
github.com/ellanetworks/core/internal/db/daily_usage.go:161.16,162.27 1 1
github.com/ellanetworks/core/internal/db/daily_usage.go:162.27,165.4 2 1
github.com/ellanetworks/core/internal/db/daily_usage.go:166.3,168.52 3 0
github.com/ellanetworks/core/internal/db/daily_usage.go:171.2,173.24 2 1
github.com/ellanetworks/core/internal/db/daily_usage.go:176.140,194.16 4 1
github.com/ellanetworks/core/internal/db/daily_usage.go:194.16,196.3 1 0
github.com/ellanetworks/core/internal/db/daily_usage.go:198.2,201.16 3 1
github.com/ellanetworks/core/internal/db/daily_usage.go:201.16,202.27 1 0
github.com/ellanetworks/core/internal/db/daily_usage.go:202.27,205.4 2 0
github.com/ellanetworks/core/internal/db/daily_usage.go:206.3,208.52 3 0
github.com/ellanetworks/core/internal/db/daily_usage.go:211.2,213.24 2 1
github.com/ellanetworks/core/internal/db/daily_usage.go:216.64,230.16 4 1
github.com/ellanetworks/core/internal/db/daily_usage.go:230.16,234.3 3 0
github.com/ellanetworks/core/internal/db/daily_usage.go:236.2,238.12 2 1
github.com/ellanetworks/core/internal/db/daily_usage.go:241.78,260.16 6 1
github.com/ellanetworks/core/internal/db/daily_usage.go:260.16,264.3 3 0
github.com/ellanetworks/core/internal/db/daily_usage.go:266.2,268.12 2 1
github.com/ellanetworks/core/internal/db/data_networks.go:48.110,69.16 5 1
github.com/ellanetworks/core/internal/db/data_networks.go:69.16,73.3 3 0
github.com/ellanetworks/core/internal/db/data_networks.go:75.2,78.16 3 1
github.com/ellanetworks/core/internal/db/data_networks.go:78.16,79.27 1 0
github.com/ellanetworks/core/internal/db/data_networks.go:79.27,82.4 2 0
github.com/ellanetworks/core/internal/db/data_networks.go:83.3,85.21 3 0
github.com/ellanetworks/core/internal/db/data_networks.go:88.2,90.33 2 1
github.com/ellanetworks/core/internal/db/data_networks.go:93.92,109.16 5 1
github.com/ellanetworks/core/internal/db/data_networks.go:109.16,110.27 1 0
github.com/ellanetworks/core/internal/db/data_networks.go:110.27,114.4 3 0
github.com/ellanetworks/core/internal/db/data_networks.go:115.3,117.18 3 0
github.com/ellanetworks/core/internal/db/data_networks.go:120.2,122.18 2 1
github.com/ellanetworks/core/internal/db/data_networks.go:125.91,141.16 5 1
github.com/ellanetworks/core/internal/db/data_networks.go:141.16,142.27 1 0
github.com/ellanetworks/core/internal/db/data_networks.go:142.27,146.4 3 0
github.com/ellanetworks/core/internal/db/data_networks.go:147.3,149.18 3 0
github.com/ellanetworks/core/internal/db/data_networks.go:152.2,154.18 2 1
github.com/ellanetworks/core/internal/db/data_networks.go:157.92,171.16 4 1
github.com/ellanetworks/core/internal/db/data_networks.go:171.16,172.29 1 0
github.com/ellanetworks/core/internal/db/data_networks.go:172.29,176.4 3 0
github.com/ellanetworks/core/internal/db/data_networks.go:178.3,180.13 3 0
github.com/ellanetworks/core/internal/db/data_networks.go:183.2,185.12 2 1
github.com/ellanetworks/core/internal/db/data_networks.go:188.92,204.16 5 0
github.com/ellanetworks/core/internal/db/data_networks.go:204.16,208.3 3 0
github.com/ellanetworks/core/internal/db/data_networks.go:210.2,211.16 2 0
github.com/ellanetworks/core/internal/db/data_networks.go:211.16,215.3 3 0
github.com/ellanetworks/core/internal/db/data_networks.go:217.2,217.23 1 0
github.com/ellanetworks/core/internal/db/data_networks.go:217.23,221.3 3 0
github.com/ellanetworks/core/internal/db/data_networks.go:223.2,225.12 2 0
github.com/ellanetworks/core/internal/db/data_networks.go:228.79,244.16 5 1
github.com/ellanetworks/core/internal/db/data_networks.go:244.16,248.3 3 0
github.com/ellanetworks/core/internal/db/data_networks.go:250.2,251.16 2 1
github.com/ellanetworks/core/internal/db/data_networks.go:251.16,255.3 3 0
github.com/ellanetworks/core/internal/db/data_networks.go:257.2,257.23 1 1
github.com/ellanetworks/core/internal/db/data_networks.go:257.23,261.3 3 0
github.com/ellanetworks/core/internal/db/data_networks.go:263.2,265.12 2 1
github.com/ellanetworks/core/internal/db/data_networks.go:268.73,284.16 5 1
github.com/ellanetworks/core/internal/db/data_networks.go:284.16,288.3 3 0
github.com/ellanetworks/core/internal/db/data_networks.go:290.2,292.26 2 1
github.com/ellanetworks/core/internal/db/db.go:173.35,174.20 1 1
github.com/ellanetworks/core/internal/db/db.go:174.20,176.3 1 0
github.com/ellanetworks/core/internal/db/db.go:178.2,178.34 1 1
github.com/ellanetworks/core/internal/db/db.go:185.79,187.16 2 1
github.com/ellanetworks/core/internal/db/db.go:187.16,189.3 1 0
github.com/ellanetworks/core/internal/db/db.go:192.2,192.88 1 1
github.com/ellanetworks/core/internal/db/db.go:192.88,194.17 2 0
github.com/ellanetworks/core/internal/db/db.go:194.17,196.4 1 0
github.com/ellanetworks/core/internal/db/db.go:197.3,197.69 1 0
github.com/ellanetworks/core/internal/db/db.go:201.2,201.90 1 1
github.com/ellanetworks/core/internal/db/db.go:201.90,203.17 2 0
github.com/ellanetworks/core/internal/db/db.go:203.17,205.4 1 0
github.com/ellanetworks/core/internal/db/db.go:206.3,206.73 1 0
github.com/ellanetworks/core/internal/db/db.go:210.2,210.87 1 1
github.com/ellanetworks/core/internal/db/db.go:210.87,212.17 2 0
github.com/ellanetworks/core/internal/db/db.go:212.17,214.4 1 0
github.com/ellanetworks/core/internal/db/db.go:215.3,215.74 1 0
github.com/ellanetworks/core/internal/db/db.go:219.2,219.122 1 1
github.com/ellanetworks/core/internal/db/db.go:219.122,221.3 1 0
github.com/ellanetworks/core/internal/db/db.go:222.2,222.116 1 1
github.com/ellanetworks/core/internal/db/db.go:222.116,224.3 1 0
github.com/ellanetworks/core/internal/db/db.go:225.2,225.112 1 1
github.com/ellanetworks/core/internal/db/db.go:225.112,227.3 1 0
github.com/ellanetworks/core/internal/db/db.go:228.2,228.116 1 1
github.com/ellanetworks/core/internal/db/db.go:228.116,230.3 1 0
github.com/ellanetworks/core/internal/db/db.go:231.2,231.124 1 1
github.com/ellanetworks/core/internal/db/db.go:231.124,233.3 1 0
github.com/ellanetworks/core/internal/db/db.go:234.2,234.110 1 1
github.com/ellanetworks/core/internal/db/db.go:234.110,236.3 1 0
github.com/ellanetworks/core/internal/db/db.go:237.2,237.82 1 1
github.com/ellanetworks/core/internal/db/db.go:237.82,239.3 1 0
github.com/ellanetworks/core/internal/db/db.go:240.2,240.118 1 1
github.com/ellanetworks/core/internal/db/db.go:240.118,242.3 1 0
github.com/ellanetworks/core/internal/db/db.go:243.2,243.122 1 1
github.com/ellanetworks/core/internal/db/db.go:243.122,245.3 1 0
github.com/ellanetworks/core/internal/db/db.go:246.2,246.87 1 1
github.com/ellanetworks/core/internal/db/db.go:246.87,248.3 1 0
github.com/ellanetworks/core/internal/db/db.go:249.2,249.130 1 1
github.com/ellanetworks/core/internal/db/db.go:249.130,251.3 1 0
github.com/ellanetworks/core/internal/db/db.go:252.2,252.118 1 1
github.com/ellanetworks/core/internal/db/db.go:252.118,254.3 1 0
github.com/ellanetworks/core/internal/db/db.go:255.2,255.122 1 1
github.com/ellanetworks/core/internal/db/db.go:255.122,257.3 1 0
github.com/ellanetworks/core/internal/db/db.go:258.2,258.120 1 1
github.com/ellanetworks/core/internal/db/db.go:258.120,260.3 1 0
github.com/ellanetworks/core/internal/db/db.go:261.2,261.120 1 1
github.com/ellanetworks/core/internal/db/db.go:261.120,263.3 1 0
github.com/ellanetworks/core/internal/db/db.go:265.2,270.16 5 1
github.com/ellanetworks/core/internal/db/db.go:270.16,272.3 1 0
github.com/ellanetworks/core/internal/db/db.go:274.2,275.16 2 1
github.com/ellanetworks/core/internal/db/db.go:275.16,277.3 1 0
github.com/ellanetworks/core/internal/db/db.go:279.2,281.16 2 1
github.com/ellanetworks/core/internal/db/db.go:284.47,286.16 2 1
github.com/ellanetworks/core/internal/db/db.go:286.16,288.3 1 0
github.com/ellanetworks/core/internal/db/db.go:290.2,291.16 2 1
github.com/ellanetworks/core/internal/db/db.go:291.16,293.3 1 0
github.com/ellanetworks/core/internal/db/db.go:295.2,296.16 2 1
github.com/ellanetworks/core/internal/db/db.go:296.16,298.3 1 0
github.com/ellanetworks/core/internal/db/db.go:300.2,301.16 2 1
github.com/ellanetworks/core/internal/db/db.go:301.16,303.3 1 0
github.com/ellanetworks/core/internal/db/db.go:305.2,306.16 2 1
github.com/ellanetworks/core/internal/db/db.go:306.16,308.3 1 0
github.com/ellanetworks/core/internal/db/db.go:310.2,311.16 2 1
github.com/ellanetworks/core/internal/db/db.go:311.16,313.3 1 0
github.com/ellanetworks/core/internal/db/db.go:315.2,316.16 2 1
github.com/ellanetworks/core/internal/db/db.go:316.16,318.3 1 0
github.com/ellanetworks/core/internal/db/db.go:320.2,321.16 2 1
github.com/ellanetworks/core/internal/db/db.go:321.16,323.3 1 0
github.com/ellanetworks/core/internal/db/db.go:325.2,326.16 2 1
github.com/ellanetworks/core/internal/db/db.go:326.16,328.3 1 0
github.com/ellanetworks/core/internal/db/db.go:330.2,331.16 2 1
github.com/ellanetworks/core/internal/db/db.go:331.16,333.3 1 0
github.com/ellanetworks/core/internal/db/db.go:335.2,336.16 2 1
github.com/ellanetworks/core/internal/db/db.go:336.16,338.3 1 0
github.com/ellanetworks/core/internal/db/db.go:340.2,341.16 2 1
github.com/ellanetworks/core/internal/db/db.go:341.16,343.3 1 0
github.com/ellanetworks/core/internal/db/db.go:345.2,346.16 2 1
github.com/ellanetworks/core/internal/db/db.go:346.16,348.3 1 0
github.com/ellanetworks/core/internal/db/db.go:350.2,351.16 2 1
github.com/ellanetworks/core/internal/db/db.go:351.16,353.3 1 0
github.com/ellanetworks/core/internal/db/db.go:355.2,356.16 2 1
github.com/ellanetworks/core/internal/db/db.go:356.16,358.3 1 0
github.com/ellanetworks/core/internal/db/db.go:360.2,361.16 2 1
github.com/ellanetworks/core/internal/db/db.go:361.16,363.3 1 0
github.com/ellanetworks/core/internal/db/db.go:365.2,366.16 2 1
github.com/ellanetworks/core/internal/db/db.go:366.16,368.3 1 0
github.com/ellanetworks/core/internal/db/db.go:370.2,371.16 2 1
github.com/ellanetworks/core/internal/db/db.go:371.16,373.3 1 0
github.com/ellanetworks/core/internal/db/db.go:375.2,376.16 2 1
github.com/ellanetworks/core/internal/db/db.go:376.16,378.3 1 0
github.com/ellanetworks/core/internal/db/db.go:380.2,381.16 2 1
github.com/ellanetworks/core/internal/db/db.go:381.16,383.3 1 0
github.com/ellanetworks/core/internal/db/db.go:385.2,386.16 2 1
github.com/ellanetworks/core/internal/db/db.go:386.16,388.3 1 0
github.com/ellanetworks/core/internal/db/db.go:390.2,391.16 2 1
github.com/ellanetworks/core/internal/db/db.go:391.16,393.3 1 0
github.com/ellanetworks/core/internal/db/db.go:395.2,396.16 2 1
github.com/ellanetworks/core/internal/db/db.go:396.16,398.3 1 0
github.com/ellanetworks/core/internal/db/db.go:400.2,401.16 2 1
github.com/ellanetworks/core/internal/db/db.go:401.16,403.3 1 0
github.com/ellanetworks/core/internal/db/db.go:405.2,406.16 2 1
github.com/ellanetworks/core/internal/db/db.go:406.16,408.3 1 0
github.com/ellanetworks/core/internal/db/db.go:410.2,411.16 2 1
github.com/ellanetworks/core/internal/db/db.go:411.16,413.3 1 0
github.com/ellanetworks/core/internal/db/db.go:415.2,416.16 2 1
github.com/ellanetworks/core/internal/db/db.go:416.16,418.3 1 0
github.com/ellanetworks/core/internal/db/db.go:420.2,421.16 2 1
github.com/ellanetworks/core/internal/db/db.go:421.16,423.3 1 0
github.com/ellanetworks/core/internal/db/db.go:425.2,426.16 2 1
github.com/ellanetworks/core/internal/db/db.go:426.16,428.3 1 0
github.com/ellanetworks/core/internal/db/db.go:430.2,431.16 2 1
github.com/ellanetworks/core/internal/db/db.go:431.16,433.3 1 0
github.com/ellanetworks/core/internal/db/db.go:435.2,436.16 2 1
github.com/ellanetworks/core/internal/db/db.go:436.16,438.3 1 0
github.com/ellanetworks/core/internal/db/db.go:440.2,441.16 2 1
github.com/ellanetworks/core/internal/db/db.go:441.16,443.3 1 0
github.com/ellanetworks/core/internal/db/db.go:445.2,446.16 2 1
github.com/ellanetworks/core/internal/db/db.go:446.16,448.3 1 0
github.com/ellanetworks/core/internal/db/db.go:450.2,451.16 2 1
github.com/ellanetworks/core/internal/db/db.go:451.16,453.3 1 0
github.com/ellanetworks/core/internal/db/db.go:455.2,456.16 2 1
github.com/ellanetworks/core/internal/db/db.go:456.16,458.3 1 0
github.com/ellanetworks/core/internal/db/db.go:460.2,461.16 2 1
github.com/ellanetworks/core/internal/db/db.go:461.16,463.3 1 0
github.com/ellanetworks/core/internal/db/db.go:465.2,466.16 2 1
github.com/ellanetworks/core/internal/db/db.go:466.16,468.3 1 0
github.com/ellanetworks/core/internal/db/db.go:470.2,471.16 2 1
github.com/ellanetworks/core/internal/db/db.go:471.16,473.3 1 0
github.com/ellanetworks/core/internal/db/db.go:475.2,476.16 2 1
github.com/ellanetworks/core/internal/db/db.go:476.16,478.3 1 0
github.com/ellanetworks/core/internal/db/db.go:480.2,481.16 2 1
github.com/ellanetworks/core/internal/db/db.go:481.16,483.3 1 0
github.com/ellanetworks/core/internal/db/db.go:485.2,486.16 2 1
github.com/ellanetworks/core/internal/db/db.go:486.16,488.3 1 0
github.com/ellanetworks/core/internal/db/db.go:490.2,491.16 2 1
github.com/ellanetworks/core/internal/db/db.go:491.16,493.3 1 0
github.com/ellanetworks/core/internal/db/db.go:495.2,496.16 2 1
github.com/ellanetworks/core/internal/db/db.go:496.16,498.3 1 0
github.com/ellanetworks/core/internal/db/db.go:500.2,501.16 2 1
github.com/ellanetworks/core/internal/db/db.go:501.16,503.3 1 0
github.com/ellanetworks/core/internal/db/db.go:505.2,506.16 2 1
github.com/ellanetworks/core/internal/db/db.go:506.16,508.3 1 0
github.com/ellanetworks/core/internal/db/db.go:510.2,511.16 2 1
github.com/ellanetworks/core/internal/db/db.go:511.16,513.3 1 0
github.com/ellanetworks/core/internal/db/db.go:515.2,516.16 2 1
github.com/ellanetworks/core/internal/db/db.go:516.16,518.3 1 0
github.com/ellanetworks/core/internal/db/db.go:520.2,521.16 2 1
github.com/ellanetworks/core/internal/db/db.go:521.16,523.3 1 0
github.com/ellanetworks/core/internal/db/db.go:525.2,526.16 2 1
github.com/ellanetworks/core/internal/db/db.go:526.16,528.3 1 0
github.com/ellanetworks/core/internal/db/db.go:530.2,531.16 2 1
github.com/ellanetworks/core/internal/db/db.go:531.16,533.3 1 0
github.com/ellanetworks/core/internal/db/db.go:535.2,536.16 2 1
github.com/ellanetworks/core/internal/db/db.go:536.16,538.3 1 0
github.com/ellanetworks/core/internal/db/db.go:540.2,541.16 2 1
github.com/ellanetworks/core/internal/db/db.go:541.16,543.3 1 0
github.com/ellanetworks/core/internal/db/db.go:545.2,546.16 2 1
github.com/ellanetworks/core/internal/db/db.go:546.16,548.3 1 0
github.com/ellanetworks/core/internal/db/db.go:550.2,551.16 2 1
github.com/ellanetworks/core/internal/db/db.go:551.16,553.3 1 0
github.com/ellanetworks/core/internal/db/db.go:555.2,556.16 2 1
github.com/ellanetworks/core/internal/db/db.go:556.16,558.3 1 0
github.com/ellanetworks/core/internal/db/db.go:560.2,561.16 2 1
github.com/ellanetworks/core/internal/db/db.go:561.16,563.3 1 0
github.com/ellanetworks/core/internal/db/db.go:565.2,566.16 2 1
github.com/ellanetworks/core/internal/db/db.go:566.16,568.3 1 0
github.com/ellanetworks/core/internal/db/db.go:570.2,571.16 2 1
github.com/ellanetworks/core/internal/db/db.go:571.16,573.3 1 0
github.com/ellanetworks/core/internal/db/db.go:575.2,576.16 2 1
github.com/ellanetworks/core/internal/db/db.go:576.16,578.3 1 0
github.com/ellanetworks/core/internal/db/db.go:580.2,581.16 2 1
github.com/ellanetworks/core/internal/db/db.go:581.16,583.3 1 0
github.com/ellanetworks/core/internal/db/db.go:585.2,586.16 2 1
github.com/ellanetworks/core/internal/db/db.go:586.16,588.3 1 0
github.com/ellanetworks/core/internal/db/db.go:590.2,591.16 2 1
github.com/ellanetworks/core/internal/db/db.go:591.16,593.3 1 0
github.com/ellanetworks/core/internal/db/db.go:595.2,596.16 2 1
github.com/ellanetworks/core/internal/db/db.go:596.16,598.3 1 0
github.com/ellanetworks/core/internal/db/db.go:600.2,601.16 2 1
github.com/ellanetworks/core/internal/db/db.go:601.16,603.3 1 0
github.com/ellanetworks/core/internal/db/db.go:605.2,606.16 2 1
github.com/ellanetworks/core/internal/db/db.go:606.16,608.3 1 0
github.com/ellanetworks/core/internal/db/db.go:610.2,611.16 2 1
github.com/ellanetworks/core/internal/db/db.go:611.16,613.3 1 0
github.com/ellanetworks/core/internal/db/db.go:615.2,616.16 2 1
github.com/ellanetworks/core/internal/db/db.go:616.16,618.3 1 0
github.com/ellanetworks/core/internal/db/db.go:620.2,621.16 2 1
github.com/ellanetworks/core/internal/db/db.go:621.16,623.3 1 0
github.com/ellanetworks/core/internal/db/db.go:625.2,626.16 2 1
github.com/ellanetworks/core/internal/db/db.go:626.16,628.3 1 0
github.com/ellanetworks/core/internal/db/db.go:630.2,631.16 2 1
github.com/ellanetworks/core/internal/db/db.go:631.16,633.3 1 0
github.com/ellanetworks/core/internal/db/db.go:635.2,636.16 2 1
github.com/ellanetworks/core/internal/db/db.go:636.16,638.3 1 0
github.com/ellanetworks/core/internal/db/db.go:640.2,641.16 2 1
github.com/ellanetworks/core/internal/db/db.go:641.16,643.3 1 0
github.com/ellanetworks/core/internal/db/db.go:645.2,646.16 2 1
github.com/ellanetworks/core/internal/db/db.go:646.16,648.3 1 0
github.com/ellanetworks/core/internal/db/db.go:650.2,651.16 2 1
github.com/ellanetworks/core/internal/db/db.go:651.16,653.3 1 0
github.com/ellanetworks/core/internal/db/db.go:655.2,656.16 2 1
github.com/ellanetworks/core/internal/db/db.go:656.16,658.3 1 0
github.com/ellanetworks/core/internal/db/db.go:660.2,661.16 2 1
github.com/ellanetworks/core/internal/db/db.go:661.16,663.3 1 0
github.com/ellanetworks/core/internal/db/db.go:665.2,666.16 2 1
github.com/ellanetworks/core/internal/db/db.go:666.16,668.3 1 0
github.com/ellanetworks/core/internal/db/db.go:670.2,671.16 2 1
github.com/ellanetworks/core/internal/db/db.go:671.16,673.3 1 0
github.com/ellanetworks/core/internal/db/db.go:675.2,676.16 2 1
github.com/ellanetworks/core/internal/db/db.go:676.16,678.3 1 0
github.com/ellanetworks/core/internal/db/db.go:680.2,773.12 80 1
github.com/ellanetworks/core/internal/db/db.go:776.59,778.16 2 1
github.com/ellanetworks/core/internal/db/db.go:778.16,780.3 1 0
github.com/ellanetworks/core/internal/db/db.go:782.2,783.16 2 1
github.com/ellanetworks/core/internal/db/db.go:783.16,785.3 1 0
github.com/ellanetworks/core/internal/db/db.go:787.2,787.36 1 1
github.com/ellanetworks/core/internal/db/db.go:787.36,789.17 2 1
github.com/ellanetworks/core/internal/db/db.go:789.17,791.4 1 0
github.com/ellanetworks/core/internal/db/db.go:792.3,793.17 2 1
github.com/ellanetworks/core/internal/db/db.go:793.17,795.4 1 0
github.com/ellanetworks/core/internal/db/db.go:797.3,807.17 3 1
github.com/ellanetworks/core/internal/db/db.go:807.17,809.4 1 0
github.com/ellanetworks/core/internal/db/db.go:811.3,812.17 2 1
github.com/ellanetworks/core/internal/db/db.go:812.17,814.4 1 0
github.com/ellanetworks/core/internal/db/db.go:817.2,817.79 1 1
github.com/ellanetworks/core/internal/db/db.go:817.79,823.84 2 1
github.com/ellanetworks/core/internal/db/db.go:823.84,825.4 1 0
github.com/ellanetworks/core/internal/db/db.go:827.3,827.104 1 1
github.com/ellanetworks/core/internal/db/db.go:830.2,830.79 1 1
github.com/ellanetworks/core/internal/db/db.go:830.79,836.84 2 1
github.com/ellanetworks/core/internal/db/db.go:836.84,838.4 1 0
github.com/ellanetworks/core/internal/db/db.go:840.3,840.106 1 1
github.com/ellanetworks/core/internal/db/db.go:843.2,843.85 1 1
github.com/ellanetworks/core/internal/db/db.go:843.85,849.84 2 1
github.com/ellanetworks/core/internal/db/db.go:849.84,851.4 1 0
github.com/ellanetworks/core/internal/db/db.go:853.3,853.123 1 1
github.com/ellanetworks/core/internal/db/db.go:856.2,857.16 2 1
github.com/ellanetworks/core/internal/db/db.go:857.16,859.3 1 0
github.com/ellanetworks/core/internal/db/db.go:861.2,861.26 1 1
github.com/ellanetworks/core/internal/db/db.go:861.26,868.88 2 1
github.com/ellanetworks/core/internal/db/db.go:868.88,870.4 1 0
github.com/ellanetworks/core/internal/db/db.go:872.3,873.17 2 1
github.com/ellanetworks/core/internal/db/db.go:873.17,875.4 1 0
github.com/ellanetworks/core/internal/db/db.go:877.3,886.78 2 1
github.com/ellanetworks/core/internal/db/db.go:886.78,888.4 1 0
github.com/ellanetworks/core/internal/db/db.go:891.2,891.12 1 1
github.com/ellanetworks/core/internal/db/db.go:894.62,896.16 2 1
github.com/ellanetworks/core/internal/db/db.go:896.16,898.3 1 0
github.com/ellanetworks/core/internal/db/db.go:899.2,899.42 1 1
github.com/ellanetworks/core/internal/db/db.go:908.38,910.2 1 1
github.com/ellanetworks/core/internal/db/db.go:912.40,914.2 1 0
github.com/ellanetworks/core/internal/db/db.go:916.45,920.2 3 1
github.com/ellanetworks/core/internal/db/db.go:922.54,924.44 2 1
github.com/ellanetworks/core/internal/db/db.go:924.44,926.3 1 0
github.com/ellanetworks/core/internal/db/db.go:927.2,930.39 4 1
github.com/ellanetworks/core/internal/db/error.go:14.40,16.25 2 0
github.com/ellanetworks/core/internal/db/error.go:16.25,18.3 1 0
github.com/ellanetworks/core/internal/db/error.go:20.2,20.14 1 0
github.com/ellanetworks/core/internal/db/metrics.go:12.46,14.16 2 1
github.com/ellanetworks/core/internal/db/metrics.go:14.16,16.3 1 0
github.com/ellanetworks/core/internal/db/metrics.go:17.2,17.29 1 1
github.com/ellanetworks/core/internal/db/metrics.go:20.56,22.16 2 1
github.com/ellanetworks/core/internal/db/metrics.go:22.16,24.3 1 0
github.com/ellanetworks/core/internal/db/metrics.go:26.2,27.34 2 1
github.com/ellanetworks/core/internal/db/metrics.go:27.34,30.17 3 1
github.com/ellanetworks/core/internal/db/metrics.go:30.17,32.4 1 0
github.com/ellanetworks/core/internal/db/metrics.go:33.3,33.33 1 1
github.com/ellanetworks/core/internal/db/metrics.go:35.2,35.19 1 1
github.com/ellanetworks/core/internal/db/metrics.go:38.43,40.20 2 1
github.com/ellanetworks/core/internal/db/metrics.go:40.20,42.3 1 0
github.com/ellanetworks/core/internal/db/metrics.go:43.2,43.27 1 1
github.com/ellanetworks/core/internal/db/metrics.go:46.79,48.16 2 1
github.com/ellanetworks/core/internal/db/metrics.go:48.16,50.3 1 0
github.com/ellanetworks/core/internal/db/metrics.go:52.2,52.21 1 1
github.com/ellanetworks/core/internal/db/n3_settings.go:43.69,58.93 4 1
github.com/ellanetworks/core/internal/db/n3_settings.go:58.93,62.3 3 0
github.com/ellanetworks/core/internal/db/n3_settings.go:64.2,66.12 2 1
github.com/ellanetworks/core/internal/db/n3_settings.go:69.89,85.16 5 1
github.com/ellanetworks/core/internal/db/n3_settings.go:85.16,89.3 3 0
github.com/ellanetworks/core/internal/db/n3_settings.go:91.2,93.12 2 1
github.com/ellanetworks/core/internal/db/n3_settings.go:96.77,111.82 4 1
github.com/ellanetworks/core/internal/db/n3_settings.go:111.82,115.3 3 0
github.com/ellanetworks/core/internal/db/n3_settings.go:117.2,119.25 2 1
github.com/ellanetworks/core/internal/db/nat_settings.go:42.70,58.16 5 1
github.com/ellanetworks/core/internal/db/nat_settings.go:58.16,62.3 3 0
github.com/ellanetworks/core/internal/db/nat_settings.go:64.2,66.12 2 1
github.com/ellanetworks/core/internal/db/nat_settings.go:69.69,85.16 5 1
github.com/ellanetworks/core/internal/db/nat_settings.go:85.16,89.3 3 0
github.com/ellanetworks/core/internal/db/nat_settings.go:91.2,93.33 2 1
github.com/ellanetworks/core/internal/db/nat_settings.go:96.80,112.16 5 1
github.com/ellanetworks/core/internal/db/nat_settings.go:112.16,116.3 3 0
github.com/ellanetworks/core/internal/db/nat_settings.go:118.2,120.12 2 1
github.com/ellanetworks/core/internal/db/operator.go:57.55,60.16 3 0
github.com/ellanetworks/core/internal/db/operator.go:60.16,63.3 2 0
github.com/ellanetworks/core/internal/db/operator.go:64.2,64.22 1 0
github.com/ellanetworks/core/internal/db/operator.go:67.69,69.2 1 0
github.com/ellanetworks/core/internal/db/operator.go:72.71,74.16 2 0
github.com/ellanetworks/core/internal/db/operator.go:74.16,76.3 1 0
github.com/ellanetworks/core/internal/db/operator.go:78.2,78.27 1 0
github.com/ellanetworks/core/internal/db/operator.go:78.27,80.3 1 0
github.com/ellanetworks/core/internal/db/operator.go:83.2,84.16 2 0
github.com/ellanetworks/core/internal/db/operator.go:84.16,86.3 1 0
github.com/ellanetworks/core/internal/db/operator.go:88.2,88.43 1 0
github.com/ellanetworks/core/internal/db/operator.go:91.45,92.24 1 1
github.com/ellanetworks/core/internal/db/operator.go:92.24,94.3 1 1
github.com/ellanetworks/core/internal/db/operator.go:96.2,96.27 1 1
github.com/ellanetworks/core/internal/db/operator.go:96.27,99.3 2 0
github.com/ellanetworks/core/internal/db/operator.go:101.2,101.84 1 1
github.com/ellanetworks/core/internal/db/operator.go:104.74,106.16 2 1
github.com/ellanetworks/core/internal/db/operator.go:106.16,108.3 1 0
github.com/ellanetworks/core/internal/db/operator.go:110.2,112.12 2 1
github.com/ellanetworks/core/internal/db/operator.go:115.69,131.16 5 1
github.com/ellanetworks/core/internal/db/operator.go:131.16,132.30 1 1
github.com/ellanetworks/core/internal/db/operator.go:132.30,135.4 2 1
github.com/ellanetworks/core/internal/db/operator.go:136.3,139.15 4 0
github.com/ellanetworks/core/internal/db/operator.go:142.2,144.18 2 1
github.com/ellanetworks/core/internal/db/operator.go:147.94,161.16 4 1
github.com/ellanetworks/core/internal/db/operator.go:161.16,165.3 3 0
github.com/ellanetworks/core/internal/db/operator.go:167.2,169.12 2 1
github.com/ellanetworks/core/internal/db/operator.go:173.73,189.16 5 1
github.com/ellanetworks/core/internal/db/operator.go:189.16,193.3 3 0
github.com/ellanetworks/core/internal/db/operator.go:195.2,197.17 2 1
github.com/ellanetworks/core/internal/db/operator.go:201.90,217.16 5 1
github.com/ellanetworks/core/internal/db/operator.go:217.16,221.3 3 0
github.com/ellanetworks/core/internal/db/operator.go:223.2,225.12 2 1
github.com/ellanetworks/core/internal/db/operator.go:229.95,245.16 5 0
github.com/ellanetworks/core/internal/db/operator.go:245.16,249.3 3 0
github.com/ellanetworks/core/internal/db/operator.go:251.2,252.16 2 0
github.com/ellanetworks/core/internal/db/operator.go:252.16,256.3 3 0
github.com/ellanetworks/core/internal/db/operator.go:258.2,260.12 2 0
github.com/ellanetworks/core/internal/db/operator.go:264.82,280.16 5 1
github.com/ellanetworks/core/internal/db/operator.go:280.16,284.3 3 0
github.com/ellanetworks/core/internal/db/operator.go:286.2,288.12 2 1
github.com/ellanetworks/core/internal/db/operator.go:292.74,308.16 5 1
github.com/ellanetworks/core/internal/db/operator.go:308.16,312.3 3 0
github.com/ellanetworks/core/internal/db/operator.go:314.2,316.29 2 1
github.com/ellanetworks/core/internal/db/operator.go:320.88,336.16 5 0
github.com/ellanetworks/core/internal/db/operator.go:336.16,340.3 3 0
github.com/ellanetworks/core/internal/db/operator.go:342.2,344.12 2 0
github.com/ellanetworks/core/internal/db/operator.go:348.95,364.16 5 0
github.com/ellanetworks/core/internal/db/operator.go:364.16,368.3 3 0
github.com/ellanetworks/core/internal/db/operator.go:370.2,372.12 2 0
github.com/ellanetworks/core/internal/db/operator.go:376.83,392.16 5 0
github.com/ellanetworks/core/internal/db/operator.go:392.16,396.3 3 0
github.com/ellanetworks/core/internal/db/operator.go:398.2,400.38 2 0
github.com/ellanetworks/core/internal/db/policies.go:55.105,71.16 4 1
github.com/ellanetworks/core/internal/db/policies.go:71.16,75.3 3 0
github.com/ellanetworks/core/internal/db/policies.go:77.2,85.16 4 1
github.com/ellanetworks/core/internal/db/policies.go:85.16,86.27 1 0
github.com/ellanetworks/core/internal/db/policies.go:86.27,89.4 2 0
github.com/ellanetworks/core/internal/db/policies.go:90.3,92.21 3 0
github.com/ellanetworks/core/internal/db/policies.go:95.2,97.29 2 1
github.com/ellanetworks/core/internal/db/policies.go:100.82,116.16 5 1
github.com/ellanetworks/core/internal/db/policies.go:116.16,120.3 3 0
github.com/ellanetworks/core/internal/db/policies.go:122.2,124.18 2 1
github.com/ellanetworks/core/internal/db/policies.go:127.81,143.16 5 1
github.com/ellanetworks/core/internal/db/policies.go:143.16,144.27 1 0
github.com/ellanetworks/core/internal/db/policies.go:144.27,148.4 3 0
github.com/ellanetworks/core/internal/db/policies.go:149.3,151.18 3 0
github.com/ellanetworks/core/internal/db/policies.go:154.2,156.18 2 1
github.com/ellanetworks/core/internal/db/policies.go:159.77,173.16 4 1
github.com/ellanetworks/core/internal/db/policies.go:173.16,174.29 1 0
github.com/ellanetworks/core/internal/db/policies.go:174.29,178.4 3 0
github.com/ellanetworks/core/internal/db/policies.go:180.3,182.13 3 0
github.com/ellanetworks/core/internal/db/policies.go:185.2,187.12 2 1
github.com/ellanetworks/core/internal/db/policies.go:190.77,206.16 5 1
github.com/ellanetworks/core/internal/db/policies.go:206.16,210.3 3 0
github.com/ellanetworks/core/internal/db/policies.go:212.2,213.16 2 1
github.com/ellanetworks/core/internal/db/policies.go:213.16,217.3 3 0
github.com/ellanetworks/core/internal/db/policies.go:219.2,219.23 1 1
github.com/ellanetworks/core/internal/db/policies.go:219.23,223.3 3 0
github.com/ellanetworks/core/internal/db/policies.go:225.2,227.12 2 1
github.com/ellanetworks/core/internal/db/policies.go:230.74,246.16 5 1
github.com/ellanetworks/core/internal/db/policies.go:246.16,250.3 3 0
github.com/ellanetworks/core/internal/db/policies.go:252.2,253.16 2 1
github.com/ellanetworks/core/internal/db/policies.go:253.16,257.3 3 0
github.com/ellanetworks/core/internal/db/policies.go:259.2,259.23 1 1
github.com/ellanetworks/core/internal/db/policies.go:259.23,263.3 3 0
github.com/ellanetworks/core/internal/db/policies.go:265.2,267.12 2 1
github.com/ellanetworks/core/internal/db/policies.go:271.69,287.16 5 1
github.com/ellanetworks/core/internal/db/policies.go:287.16,291.3 3 0
github.com/ellanetworks/core/internal/db/policies.go:293.2,295.26 2 1
github.com/ellanetworks/core/internal/db/radio_events.go:87.98,101.16 4 1
github.com/ellanetworks/core/internal/db/radio_events.go:101.16,105.3 3 0
github.com/ellanetworks/core/internal/db/radio_events.go:107.2,109.12 2 1
github.com/ellanetworks/core/internal/db/radio_events.go:112.145,127.20 3 1
github.com/ellanetworks/core/internal/db/radio_events.go:127.20,129.3 1 1
github.com/ellanetworks/core/internal/db/radio_events.go:131.2,140.40 4 1
github.com/ellanetworks/core/internal/db/radio_events.go:140.40,144.3 3 0
github.com/ellanetworks/core/internal/db/radio_events.go:147.2,150.16 3 1
github.com/ellanetworks/core/internal/db/radio_events.go:150.16,151.27 1 1
github.com/ellanetworks/core/internal/db/radio_events.go:151.27,154.4 2 1
github.com/ellanetworks/core/internal/db/radio_events.go:155.3,157.21 3 0
github.com/ellanetworks/core/internal/db/radio_events.go:160.2,162.31 2 1
github.com/ellanetworks/core/internal/db/radio_events.go:166.79,186.16 6 1
github.com/ellanetworks/core/internal/db/radio_events.go:186.16,190.3 3 0
github.com/ellanetworks/core/internal/db/radio_events.go:192.2,194.12 2 1
github.com/ellanetworks/core/internal/db/radio_events.go:197.65,211.16 4 0
github.com/ellanetworks/core/internal/db/radio_events.go:211.16,215.3 3 0
github.com/ellanetworks/core/internal/db/radio_events.go:217.2,219.12 2 0
github.com/ellanetworks/core/internal/db/radio_events.go:222.98,238.16 4 1
github.com/ellanetworks/core/internal/db/radio_events.go:238.16,239.27 1 0
github.com/ellanetworks/core/internal/db/radio_events.go:239.27,242.4 2 0
github.com/ellanetworks/core/internal/db/radio_events.go:243.3,245.18 3 0
github.com/ellanetworks/core/internal/db/radio_events.go:248.2,250.18 2 1
github.com/ellanetworks/core/internal/db/restore.go:18.77,22.20 3 1
github.com/ellanetworks/core/internal/db/restore.go:22.20,24.3 1 0
github.com/ellanetworks/core/internal/db/restore.go:26.2,26.23 1 1
github.com/ellanetworks/core/internal/db/restore.go:26.23,28.3 1 0
github.com/ellanetworks/core/internal/db/restore.go:30.2,30.35 1 1
github.com/ellanetworks/core/internal/db/restore.go:30.35,32.3 1 0
github.com/ellanetworks/core/internal/db/restore.go:34.2,35.16 2 1
github.com/ellanetworks/core/internal/db/restore.go:35.16,37.3 1 0
github.com/ellanetworks/core/internal/db/restore.go:39.2,39.15 1 1
github.com/ellanetworks/core/internal/db/restore.go:39.15,40.49 1 1
github.com/ellanetworks/core/internal/db/restore.go:40.49,42.4 1 0
github.com/ellanetworks/core/internal/db/restore.go:45.2,46.16 2 1
github.com/ellanetworks/core/internal/db/restore.go:46.16,48.3 1 0
github.com/ellanetworks/core/internal/db/restore.go:50.2,53.66 3 1
github.com/ellanetworks/core/internal/db/restore.go:53.66,55.3 1 0
github.com/ellanetworks/core/internal/db/restore.go:57.2,57.66 1 1
github.com/ellanetworks/core/internal/db/restore.go:57.66,59.3 1 0
github.com/ellanetworks/core/internal/db/restore.go:61.2,62.16 2 1
github.com/ellanetworks/core/internal/db/restore.go:62.16,64.3 1 0
github.com/ellanetworks/core/internal/db/restore.go:66.2,68.12 2 1
github.com/ellanetworks/core/internal/db/retention_policies.go:46.102,65.16 6 1
github.com/ellanetworks/core/internal/db/retention_policies.go:65.16,69.3 3 0
github.com/ellanetworks/core/internal/db/retention_policies.go:71.2,73.22 2 1
github.com/ellanetworks/core/internal/db/retention_policies.go:77.104,94.16 5 1
github.com/ellanetworks/core/internal/db/retention_policies.go:94.16,95.27 1 1
github.com/ellanetworks/core/internal/db/retention_policies.go:95.27,98.4 2 1
github.com/ellanetworks/core/internal/db/retention_policies.go:99.3,101.15 3 0
github.com/ellanetworks/core/internal/db/retention_policies.go:104.2,106.13 2 1
github.com/ellanetworks/core/internal/db/retention_policies.go:110.92,126.16 4 1
github.com/ellanetworks/core/internal/db/retention_policies.go:126.16,130.3 3 0
github.com/ellanetworks/core/internal/db/retention_policies.go:132.2,134.12 2 1
github.com/ellanetworks/core/internal/db/routes.go:44.44,45.12 1 0
github.com/ellanetworks/core/internal/db/routes.go:46.10,47.14 1 0
github.com/ellanetworks/core/internal/db/routes.go:48.10,49.14 1 0
github.com/ellanetworks/core/internal/db/routes.go:50.10,51.19 1 0
github.com/ellanetworks/core/internal/db/routes.go:64.102,80.16 4 1
github.com/ellanetworks/core/internal/db/routes.go:80.16,84.3 3 0
github.com/ellanetworks/core/internal/db/routes.go:86.2,94.16 4 1
github.com/ellanetworks/core/internal/db/routes.go:94.16,95.27 1 1
github.com/ellanetworks/core/internal/db/routes.go:95.27,98.4 2 1
github.com/ellanetworks/core/internal/db/routes.go:99.3,101.21 3 0
github.com/ellanetworks/core/internal/db/routes.go:104.2,106.27 2 1
github.com/ellanetworks/core/internal/db/routes.go:109.77,125.16 5 1
github.com/ellanetworks/core/internal/db/routes.go:125.16,126.27 1 0
github.com/ellanetworks/core/internal/db/routes.go:126.27,129.4 2 0
github.com/ellanetworks/core/internal/db/routes.go:130.3,132.18 3 0
github.com/ellanetworks/core/internal/db/routes.go:135.2,137.18 2 1
github.com/ellanetworks/core/internal/db/routes.go:140.85,156.16 5 1
github.com/ellanetworks/core/internal/db/routes.go:156.16,160.3 3 0
github.com/ellanetworks/core/internal/db/routes.go:162.2,163.16 2 1
github.com/ellanetworks/core/internal/db/routes.go:163.16,167.3 3 0
github.com/ellanetworks/core/internal/db/routes.go:169.2,171.16 2 1
github.com/ellanetworks/core/internal/db/routes.go:174.72,188.16 4 1
github.com/ellanetworks/core/internal/db/routes.go:188.16,192.3 3 0
github.com/ellanetworks/core/internal/db/routes.go:194.2,196.12 2 1
github.com/ellanetworks/core/internal/db/routes.go:200.67,216.16 5 1
github.com/ellanetworks/core/internal/db/routes.go:216.16,220.3 3 0
github.com/ellanetworks/core/internal/db/routes.go:222.2,224.26 2 1
github.com/ellanetworks/core/internal/db/sessions.go:41.89,57.16 5 1
github.com/ellanetworks/core/internal/db/sessions.go:57.16,61.3 3 0
github.com/ellanetworks/core/internal/db/sessions.go:63.2,64.16 2 1
github.com/ellanetworks/core/internal/db/sessions.go:64.16,68.3 3 0
github.com/ellanetworks/core/internal/db/sessions.go:70.2,72.16 2 1
github.com/ellanetworks/core/internal/db/sessions.go:75.100,91.16 5 1
github.com/ellanetworks/core/internal/db/sessions.go:91.16,95.3 3 1
github.com/ellanetworks/core/internal/db/sessions.go:97.2,99.18 2 1
github.com/ellanetworks/core/internal/db/sessions.go:102.91,118.16 5 1
github.com/ellanetworks/core/internal/db/sessions.go:118.16,122.3 3 0
github.com/ellanetworks/core/internal/db/sessions.go:124.2,126.12 2 1
github.com/ellanetworks/core/internal/db/sessions.go:129.77,145.16 5 1
github.com/ellanetworks/core/internal/db/sessions.go:145.16,149.3 3 0
github.com/ellanetworks/core/internal/db/sessions.go:151.2,152.16 2 1
github.com/ellanetworks/core/internal/db/sessions.go:152.16,156.3 3 0
github.com/ellanetworks/core/internal/db/sessions.go:158.2,160.31 2 1
github.com/ellanetworks/core/internal/db/subscribers.go:65.112,81.16 4 1
github.com/ellanetworks/core/internal/db/subscribers.go:81.16,85.3 3 0
github.com/ellanetworks/core/internal/db/subscribers.go:87.2,95.16 4 1
github.com/ellanetworks/core/internal/db/subscribers.go:95.16,96.27 1 1
github.com/ellanetworks/core/internal/db/subscribers.go:96.27,99.4 2 1
github.com/ellanetworks/core/internal/db/subscribers.go:100.3,102.21 3 0
github.com/ellanetworks/core/internal/db/subscribers.go:105.2,107.25 2 1
github.com/ellanetworks/core/internal/db/subscribers.go:110.90,126.16 5 1
github.com/ellanetworks/core/internal/db/subscribers.go:126.16,127.27 1 0
github.com/ellanetworks/core/internal/db/subscribers.go:127.27,130.4 2 0
github.com/ellanetworks/core/internal/db/subscribers.go:131.3,133.18 3 0
github.com/ellanetworks/core/internal/db/subscribers.go:136.2,138.18 2 1
github.com/ellanetworks/core/internal/db/subscribers.go:141.89,155.16 4 1
github.com/ellanetworks/core/internal/db/subscribers.go:155.16,156.29 1 0
github.com/ellanetworks/core/internal/db/subscribers.go:156.29,160.4 3 0
github.com/ellanetworks/core/internal/db/subscribers.go:162.3,164.13 3 0
github.com/ellanetworks/core/internal/db/subscribers.go:167.2,169.12 2 1
github.com/ellanetworks/core/internal/db/subscribers.go:172.95,188.16 5 1
github.com/ellanetworks/core/internal/db/subscribers.go:188.16,192.3 3 0
github.com/ellanetworks/core/internal/db/subscribers.go:194.2,195.16 2 1
github.com/ellanetworks/core/internal/db/subscribers.go:195.16,199.3 3 0
github.com/ellanetworks/core/internal/db/subscribers.go:201.2,201.23 1 1
github.com/ellanetworks/core/internal/db/subscribers.go:201.23,205.3 3 0
github.com/ellanetworks/core/internal/db/subscribers.go:207.2,209.12 2 1
github.com/ellanetworks/core/internal/db/subscribers.go:212.113,231.16 5 0
github.com/ellanetworks/core/internal/db/subscribers.go:231.16,235.3 3 0
github.com/ellanetworks/core/internal/db/subscribers.go:237.2,239.12 2 0
github.com/ellanetworks/core/internal/db/subscribers.go:242.78,258.16 5 1
github.com/ellanetworks/core/internal/db/subscribers.go:258.16,262.3 3 0
github.com/ellanetworks/core/internal/db/subscribers.go:264.2,265.16 2 1
github.com/ellanetworks/core/internal/db/subscribers.go:265.16,269.3 3 0
github.com/ellanetworks/core/internal/db/subscribers.go:271.2,271.23 1 1
github.com/ellanetworks/core/internal/db/subscribers.go:271.23,275.3 3 0
github.com/ellanetworks/core/internal/db/subscribers.go:277.2,279.12 2 1
github.com/ellanetworks/core/internal/db/subscribers.go:282.89,294.16 4 0
github.com/ellanetworks/core/internal/db/subscribers.go:294.16,295.34 1 0
github.com/ellanetworks/core/internal/db/subscribers.go:295.34,299.4 3 0
github.com/ellanetworks/core/internal/db/subscribers.go:300.3,302.20 3 0
github.com/ellanetworks/core/internal/db/subscribers.go:305.2,306.16 2 0
github.com/ellanetworks/core/internal/db/subscribers.go:306.16,310.3 3 0
github.com/ellanetworks/core/internal/db/subscribers.go:312.2,314.23 2 0
github.com/ellanetworks/core/internal/db/subscribers.go:317.91,329.16 4 0
github.com/ellanetworks/core/internal/db/subscribers.go:329.16,333.3 3 0
github.com/ellanetworks/core/internal/db/subscribers.go:335.2,336.16 2 0
github.com/ellanetworks/core/internal/db/subscribers.go:336.16,340.3 3 0
github.com/ellanetworks/core/internal/db/subscribers.go:342.2,342.29 1 0
github.com/ellanetworks/core/internal/db/subscribers.go:342.29,343.40 1 0
github.com/ellanetworks/core/internal/db/subscribers.go:343.40,346.4 2 0
github.com/ellanetworks/core/internal/db/subscribers.go:349.2,351.19 2 0
github.com/ellanetworks/core/internal/db/subscribers.go:354.82,366.16 4 1
github.com/ellanetworks/core/internal/db/subscribers.go:366.16,368.3 1 0
github.com/ellanetworks/core/internal/db/subscribers.go:370.2,371.16 2 1
github.com/ellanetworks/core/internal/db/subscribers.go:371.16,373.3 1 0
github.com/ellanetworks/core/internal/db/subscribers.go:375.2,376.16 2 1
github.com/ellanetworks/core/internal/db/subscribers.go:376.16,378.3 1 0
github.com/ellanetworks/core/internal/db/subscribers.go:380.2,381.16 2 1
github.com/ellanetworks/core/internal/db/subscribers.go:381.16,383.3 1 0
github.com/ellanetworks/core/internal/db/subscribers.go:385.2,392.34 6 1
github.com/ellanetworks/core/internal/db/subscribers.go:392.34,398.27 5 1
github.com/ellanetworks/core/internal/db/subscribers.go:398.27,403.18 3 1
github.com/ellanetworks/core/internal/db/subscribers.go:403.18,404.31 1 0
github.com/ellanetworks/core/internal/db/subscribers.go:404.31,406.14 2 0
github.com/ellanetworks/core/internal/db/subscribers.go:408.5,408.61 1 0
github.com/ellanetworks/core/internal/db/subscribers.go:411.4,411.18 1 1
github.com/ellanetworks/core/internal/db/subscribers.go:412.9,412.24 1 1
github.com/ellanetworks/core/internal/db/subscribers.go:412.24,414.4 1 0
github.com/ellanetworks/core/internal/db/subscribers.go:417.2,417.53 1 1
github.com/ellanetworks/core/internal/db/subscribers.go:421.71,433.16 4 1
github.com/ellanetworks/core/internal/db/subscribers.go:433.16,437.3 3 0
github.com/ellanetworks/core/internal/db/subscribers.go:439.2,439.33 1 1
github.com/ellanetworks/core/internal/db/subscribers.go:439.33,442.3 2 0
github.com/ellanetworks/core/internal/db/subscribers.go:444.2,445.16 2 1
github.com/ellanetworks/core/internal/db/subscribers.go:445.16,449.3 3 0
github.com/ellanetworks/core/internal/db/subscribers.go:451.2,453.12 2 1
github.com/ellanetworks/core/internal/db/subscribers.go:456.54,460.42 3 1
github.com/ellanetworks/core/internal/db/subscribers.go:460.42,464.3 3 1
github.com/ellanetworks/core/internal/db/subscribers.go:466.2,466.17 1 1
github.com/ellanetworks/core/internal/db/subscribers.go:469.72,485.16 5 1
github.com/ellanetworks/core/internal/db/subscribers.go:485.16,489.3 3 0
github.com/ellanetworks/core/internal/db/subscribers.go:491.2,493.26 2 1
github.com/ellanetworks/core/internal/db/subscribers.go:496.94,515.16 6 1
github.com/ellanetworks/core/internal/db/subscribers.go:515.16,519.3 3 0
github.com/ellanetworks/core/internal/db/subscribers.go:521.2,523.26 2 1
github.com/ellanetworks/core/internal/db/subscribers.go:526.78,542.16 5 1
github.com/ellanetworks/core/internal/db/subscribers.go:542.16,546.3 3 0
github.com/ellanetworks/core/internal/db/subscribers.go:548.2,550.26 2 1
github.com/ellanetworks/core/internal/db/users.go:54.96,75.16 5 1
github.com/ellanetworks/core/internal/db/users.go:75.16,79.3 3 0
github.com/ellanetworks/core/internal/db/users.go:81.2,84.16 3 1
github.com/ellanetworks/core/internal/db/users.go:84.16,85.27 1 1
github.com/ellanetworks/core/internal/db/users.go:85.27,88.4 2 1
github.com/ellanetworks/core/internal/db/users.go:89.3,91.21 3 0
github.com/ellanetworks/core/internal/db/users.go:94.2,96.26 2 1
github.com/ellanetworks/core/internal/db/users.go:100.79,116.16 5 1
github.com/ellanetworks/core/internal/db/users.go:116.16,117.27 1 0
github.com/ellanetworks/core/internal/db/users.go:117.27,120.4 2 0
github.com/ellanetworks/core/internal/db/users.go:121.3,123.18 3 0
github.com/ellanetworks/core/internal/db/users.go:126.2,128.18 2 1
github.com/ellanetworks/core/internal/db/users.go:132.79,148.16 5 0
github.com/ellanetworks/core/internal/db/users.go:148.16,149.27 1 0
github.com/ellanetworks/core/internal/db/users.go:149.27,152.4 2 0
github.com/ellanetworks/core/internal/db/users.go:153.3,155.18 3 0
github.com/ellanetworks/core/internal/db/users.go:158.2,160.18 2 0
github.com/ellanetworks/core/internal/db/users.go:163.80,179.16 5 1
github.com/ellanetworks/core/internal/db/users.go:179.16,180.29 1 0
github.com/ellanetworks/core/internal/db/users.go:180.29,184.4 3 0
github.com/ellanetworks/core/internal/db/users.go:185.3,187.16 3 0
github.com/ellanetworks/core/internal/db/users.go:190.2,191.16 2 1
github.com/ellanetworks/core/internal/db/users.go:191.16,195.3 3 0
github.com/ellanetworks/core/internal/db/users.go:197.2,199.16 2 1
github.com/ellanetworks/core/internal/db/users.go:203.88,224.16 6 0
github.com/ellanetworks/core/internal/db/users.go:224.16,228.3 3 0
github.com/ellanetworks/core/internal/db/users.go:230.2,231.16 2 0
github.com/ellanetworks/core/internal/db/users.go:231.16,235.3 3 0
github.com/ellanetworks/core/internal/db/users.go:237.2,237.23 1 0
github.com/ellanetworks/core/internal/db/users.go:237.23,241.3 3 0
github.com/ellanetworks/core/internal/db/users.go:243.2,245.12 2 0
github.com/ellanetworks/core/internal/db/users.go:249.104,270.16 6 0
github.com/ellanetworks/core/internal/db/users.go:270.16,274.3 3 0
github.com/ellanetworks/core/internal/db/users.go:276.2,277.16 2 0
github.com/ellanetworks/core/internal/db/users.go:277.16,281.3 3 0
github.com/ellanetworks/core/internal/db/users.go:283.2,283.23 1 0
github.com/ellanetworks/core/internal/db/users.go:283.23,287.3 3 0
github.com/ellanetworks/core/internal/db/users.go:289.2,291.12 2 0
github.com/ellanetworks/core/internal/db/users.go:295.73,311.16 5 1
github.com/ellanetworks/core/internal/db/users.go:311.16,315.3 3 0
github.com/ellanetworks/core/internal/db/users.go:317.2,318.16 2 1
github.com/ellanetworks/core/internal/db/users.go:318.16,322.3 3 0
github.com/ellanetworks/core/internal/db/users.go:324.2,324.23 1 1
github.com/ellanetworks/core/internal/db/users.go:324.23,328.3 3 0
github.com/ellanetworks/core/internal/db/users.go:330.2,332.12 2 1
github.com/ellanetworks/core/internal/db/users.go:336.66,352.16 5 1
github.com/ellanetworks/core/internal/db/users.go:352.16,356.3 3 0
github.com/ellanetworks/core/internal/db/users.go:358.2,360.26 2 1
github.com/ellanetworks/core/internal/util/idgenerator/idgenerator.go:25.58,29.2 3 1
github.com/ellanetworks/core/internal/util/idgenerator/idgenerator.go:31.64,37.2 5 1
github.com/ellanetworks/core/internal/util/idgenerator/idgenerator.go:40.59,45.6 4 1
github.com/ellanetworks/core/internal/util/idgenerator/idgenerator.go:45.6,46.59 1 1
github.com/ellanetworks/core/internal/util/idgenerator/idgenerator.go:46.59,49.41 2 1
github.com/ellanetworks/core/internal/util/idgenerator/idgenerator.go:49.41,51.5 1 1
github.com/ellanetworks/core/internal/util/idgenerator/idgenerator.go:52.9,53.9 1 1
github.com/ellanetworks/core/internal/util/idgenerator/idgenerator.go:56.2,59.16 4 1
github.com/ellanetworks/core/internal/util/idgenerator/idgenerator.go:62.50,63.60 1 1
github.com/ellanetworks/core/internal/util/idgenerator/idgenerator.go:63.60,65.3 1 0
github.com/ellanetworks/core/internal/util/idgenerator/idgenerator.go:66.2,68.54 3 1
github.com/ellanetworks/core/internal/util/idgenerator/idgenerator.go:71.48,74.2 2 1
github.com/ellanetworks/core/internal/util/ueauth/ueauth.go:26.34,30.2 3 1
github.com/ellanetworks/core/internal/util/ueauth/ueauth.go:38.74,42.16 3 1
github.com/ellanetworks/core/internal/util/ueauth/ueauth.go:42.16,44.3 1 0
github.com/ellanetworks/core/internal/util/ueauth/ueauth.go:46.2,48.26 2 1
github.com/ellanetworks/core/internal/util/ueauth/ueauth.go:48.26,50.3 1 1
github.com/ellanetworks/core/internal/util/ueauth/ueauth.go:52.2,53.16 2 1
github.com/ellanetworks/core/internal/util/ueauth/ueauth.go:53.16,55.3 1 0
github.com/ellanetworks/core/internal/util/ueauth/ueauth.go:57.2,59.17 2 1
github.com/ellanetworks/core/internal/upf/core/build.go:11.157,23.2 4 0
github.com/ellanetworks/core/internal/upf/core/build.go:25.180,48.2 8 0
github.com/ellanetworks/core/internal/upf/core/display_utils.go:16.62,20.2 3 1
github.com/ellanetworks/core/internal/upf/core/display_utils.go:22.81,26.36 4 0
github.com/ellanetworks/core/internal/upf/core/display_utils.go:26.36,29.3 2 0
github.com/ellanetworks/core/internal/upf/core/display_utils.go:31.2,31.36 1 0
github.com/ellanetworks/core/internal/upf/core/display_utils.go:31.36,34.3 2 0
github.com/ellanetworks/core/internal/upf/core/display_utils.go:36.2,36.36 1 0
github.com/ellanetworks/core/internal/upf/core/display_utils.go:36.36,39.3 2 0
github.com/ellanetworks/core/internal/upf/core/display_utils.go:41.2,41.36 1 0
github.com/ellanetworks/core/internal/upf/core/display_utils.go:41.36,44.3 2 0
github.com/ellanetworks/core/internal/upf/core/display_utils.go:46.2,46.90 1 0
github.com/ellanetworks/core/internal/upf/core/display_utils.go:50.79,54.36 4 1
github.com/ellanetworks/core/internal/upf/core/display_utils.go:54.36,57.3 2 0
github.com/ellanetworks/core/internal/upf/core/display_utils.go:59.2,59.36 1 1
github.com/ellanetworks/core/internal/upf/core/display_utils.go:59.36,62.3 2 0
github.com/ellanetworks/core/internal/upf/core/display_utils.go:64.2,64.36 1 1
github.com/ellanetworks/core/internal/upf/core/display_utils.go:64.36,67.3 2 0
github.com/ellanetworks/core/internal/upf/core/display_utils.go:69.2,69.36 1 1
github.com/ellanetworks/core/internal/upf/core/display_utils.go:69.36,72.3 2 0
github.com/ellanetworks/core/internal/upf/core/display_utils.go:74.2,74.36 1 1
github.com/ellanetworks/core/internal/upf/core/display_utils.go:74.36,77.3 2 0
github.com/ellanetworks/core/internal/upf/core/display_utils.go:79.2,79.36 1 1
github.com/ellanetworks/core/internal/upf/core/display_utils.go:79.36,82.3 2 0
github.com/ellanetworks/core/internal/upf/core/display_utils.go:84.2,84.36 1 1
github.com/ellanetworks/core/internal/upf/core/display_utils.go:84.36,87.3 2 0
github.com/ellanetworks/core/internal/upf/core/display_utils.go:89.2,89.36 1 1
github.com/ellanetworks/core/internal/upf/core/display_utils.go:89.36,92.3 2 0
github.com/ellanetworks/core/internal/upf/core/display_utils.go:95.2,95.36 1 1
github.com/ellanetworks/core/internal/upf/core/display_utils.go:95.36,98.3 2 0
github.com/ellanetworks/core/internal/upf/core/display_utils.go:100.2,100.36 1 1
github.com/ellanetworks/core/internal/upf/core/display_utils.go:100.36,103.3 2 0
github.com/ellanetworks/core/internal/upf/core/display_utils.go:105.2,105.36 1 1
github.com/ellanetworks/core/internal/upf/core/display_utils.go:105.36,108.3 2 0
[...]
github.com/ellanetworks/core/internal/api/server/api_users.go:246.30,249.4 2 1
github.com/ellanetworks/core/internal/api/server/api_users.go:251.3,258.17 3 1
github.com/ellanetworks/core/internal/api/server/api_users.go:258.17,259.43 1 0
github.com/ellanetworks/core/internal/api/server/api_users.go:259.43,262.5 2 0
github.com/ellanetworks/core/internal/api/server/api_users.go:263.4,264.10 2 0
github.com/ellanetworks/core/internal/api/server/api_users.go:267.3,275.4 2 1
github.com/ellanetworks/core/internal/api/server/api_users.go:279.55,280.71 1 1
github.com/ellanetworks/core/internal/api/server/api_users.go:280.71,283.10 3 1
github.com/ellanetworks/core/internal/api/server/api_users.go:283.10,286.4 2 0
github.com/ellanetworks/core/internal/api/server/api_users.go:288.3,289.23 2 1
github.com/ellanetworks/core/internal/api/server/api_users.go:289.23,292.4 2 0
github.com/ellanetworks/core/internal/api/server/api_users.go:294.3,297.17 3 1
github.com/ellanetworks/core/internal/api/server/api_users.go:297.17,300.4 2 0
github.com/ellanetworks/core/internal/api/server/api_users.go:302.3,302.76 1 1
github.com/ellanetworks/core/internal/api/server/api_users.go:302.76,305.4 2 0
github.com/ellanetworks/core/internal/api/server/api_users.go:307.3,308.17 2 1
github.com/ellanetworks/core/internal/api/server/api_users.go:308.17,309.38 1 1
github.com/ellanetworks/core/internal/api/server/api_users.go:309.38,312.5 2 1
github.com/ellanetworks/core/internal/api/server/api_users.go:313.4,314.10 2 0
github.com/ellanetworks/core/internal/api/server/api_users.go:317.3,319.127 2 1
github.com/ellanetworks/core/internal/api/server/api_users.go:323.63,324.71 1 1
github.com/ellanetworks/core/internal/api/server/api_users.go:324.71,327.10 3 1
github.com/ellanetworks/core/internal/api/server/api_users.go:327.10,330.4 2 0
github.com/ellanetworks/core/internal/api/server/api_users.go:332.3,333.23 2 1
github.com/ellanetworks/core/internal/api/server/api_users.go:333.23,336.4 2 0
github.com/ellanetworks/core/internal/api/server/api_users.go:338.3,340.75 2 1
github.com/ellanetworks/core/internal/api/server/api_users.go:340.75,343.4 2 0
github.com/ellanetworks/core/internal/api/server/api_users.go:345.3,345.111 1 1
github.com/ellanetworks/core/internal/api/server/api_users.go:345.111,348.4 2 0
github.com/ellanetworks/core/internal/api/server/api_users.go:350.3,351.17 2 1
github.com/ellanetworks/core/internal/api/server/api_users.go:351.17,354.4 2 0
github.com/ellanetworks/core/internal/api/server/api_users.go:356.3,357.17 2 1
github.com/ellanetworks/core/internal/api/server/api_users.go:357.17,358.38 1 0
github.com/ellanetworks/core/internal/api/server/api_users.go:358.38,361.5 2 0
github.com/ellanetworks/core/internal/api/server/api_users.go:362.4,363.10 2 0
github.com/ellanetworks/core/internal/api/server/api_users.go:366.3,368.148 2 1
github.com/ellanetworks/core/internal/api/server/api_users.go:372.65,373.71 1 1
github.com/ellanetworks/core/internal/api/server/api_users.go:373.71,376.25 3 1
github.com/ellanetworks/core/internal/api/server/api_users.go:376.25,379.4 2 0
github.com/ellanetworks/core/internal/api/server/api_users.go:381.3,384.17 3 1
github.com/ellanetworks/core/internal/api/server/api_users.go:384.17,387.4 2 0
github.com/ellanetworks/core/internal/api/server/api_users.go:389.3,389.38 1 1
github.com/ellanetworks/core/internal/api/server/api_users.go:389.38,392.4 2 0
github.com/ellanetworks/core/internal/api/server/api_users.go:394.3,395.17 2 1
github.com/ellanetworks/core/internal/api/server/api_users.go:395.17,398.4 2 0
github.com/ellanetworks/core/internal/api/server/api_users.go:400.3,401.17 2 1
github.com/ellanetworks/core/internal/api/server/api_users.go:401.17,404.4 2 0
github.com/ellanetworks/core/internal/api/server/api_users.go:406.3,408.114 2 1
github.com/ellanetworks/core/internal/api/server/api_users.go:412.55,413.71 1 1
github.com/ellanetworks/core/internal/api/server/api_users.go:413.71,416.10 3 1
github.com/ellanetworks/core/internal/api/server/api_users.go:416.10,419.4 2 0
github.com/ellanetworks/core/internal/api/server/api_users.go:421.3,422.23 2 1
github.com/ellanetworks/core/internal/api/server/api_users.go:422.23,425.4 2 0
github.com/ellanetworks/core/internal/api/server/api_users.go:427.3,428.17 2 1
github.com/ellanetworks/core/internal/api/server/api_users.go:428.17,429.38 1 1
github.com/ellanetworks/core/internal/api/server/api_users.go:429.38,432.5 2 1
github.com/ellanetworks/core/internal/api/server/api_users.go:433.4,434.10 2 0
github.com/ellanetworks/core/internal/api/server/api_users.go:437.3,439.115 2 1
github.com/ellanetworks/core/internal/api/server/api_users.go:443.60,444.71 1 1
github.com/ellanetworks/core/internal/api/server/api_users.go:444.71,449.15 4 1
github.com/ellanetworks/core/internal/api/server/api_users.go:449.15,452.4 2 0
github.com/ellanetworks/core/internal/api/server/api_users.go:454.3,454.35 1 1
github.com/ellanetworks/core/internal/api/server/api_users.go:454.35,457.4 2 0
github.com/ellanetworks/core/internal/api/server/api_users.go:459.3,462.25 3 1
github.com/ellanetworks/core/internal/api/server/api_users.go:462.25,465.4 2 0
github.com/ellanetworks/core/internal/api/server/api_users.go:467.3,470.10 3 1
github.com/ellanetworks/core/internal/api/server/api_users.go:470.10,473.4 2 0
github.com/ellanetworks/core/internal/api/server/api_users.go:475.3,476.17 2 1
github.com/ellanetworks/core/internal/api/server/api_users.go:476.17,479.4 2 0
github.com/ellanetworks/core/internal/api/server/api_users.go:481.3,482.32 2 1
github.com/ellanetworks/core/internal/api/server/api_users.go:482.32,484.30 2 1
github.com/ellanetworks/core/internal/api/server/api_users.go:484.30,486.5 1 1
github.com/ellanetworks/core/internal/api/server/api_users.go:487.4,491.6 1 1
github.com/ellanetworks/core/internal/api/server/api_users.go:494.3,501.59 2 1
github.com/ellanetworks/core/internal/api/server/api_users.go:505.42,507.19 2 1
github.com/ellanetworks/core/internal/api/server/api_users.go:507.19,509.17 2 1
github.com/ellanetworks/core/internal/api/server/api_users.go:509.17,511.4 1 0
github.com/ellanetworks/core/internal/api/server/api_users.go:512.3,512.37 1 1
github.com/ellanetworks/core/internal/api/server/api_users.go:514.2,514.23 1 1
github.com/ellanetworks/core/internal/api/server/api_users.go:517.40,519.16 2 1
github.com/ellanetworks/core/internal/api/server/api_users.go:519.16,522.3 2 0
github.com/ellanetworks/core/internal/api/server/api_users.go:524.2,524.28 1 1
github.com/ellanetworks/core/internal/api/server/api_users.go:527.61,528.71 1 1
github.com/ellanetworks/core/internal/api/server/api_users.go:528.71,531.25 3 1
github.com/ellanetworks/core/internal/api/server/api_users.go:531.25,534.4 2 0
github.com/ellanetworks/core/internal/api/server/api_users.go:536.3,537.65 2 1
github.com/ellanetworks/core/internal/api/server/api_users.go:537.65,540.4 2 0
github.com/ellanetworks/core/internal/api/server/api_users.go:542.3,542.24 1 1
github.com/ellanetworks/core/internal/api/server/api_users.go:542.24,545.4 2 1
github.com/ellanetworks/core/internal/api/server/api_users.go:547.3,547.52 1 1
github.com/ellanetworks/core/internal/api/server/api_users.go:547.52,550.4 2 1
github.com/ellanetworks/core/internal/api/server/api_users.go:552.3,555.10 3 1
github.com/ellanetworks/core/internal/api/server/api_users.go:555.10,558.4 2 0
github.com/ellanetworks/core/internal/api/server/api_users.go:560.3,561.29 2 1
github.com/ellanetworks/core/internal/api/server/api_users.go:561.29,563.18 2 1
github.com/ellanetworks/core/internal/api/server/api_users.go:563.18,566.5 2 1
github.com/ellanetworks/core/internal/api/server/api_users.go:568.4,568.28 1 1
github.com/ellanetworks/core/internal/api/server/api_users.go:568.28,571.5 2 0
github.com/ellanetworks/core/internal/api/server/api_users.go:573.4,573.18 1 1
github.com/ellanetworks/core/internal/api/server/api_users.go:576.3,577.17 2 1
github.com/ellanetworks/core/internal/api/server/api_users.go:577.17,580.4 2 0
github.com/ellanetworks/core/internal/api/server/api_users.go:582.3,582.35 1 1
github.com/ellanetworks/core/internal/api/server/api_users.go:582.35,585.4 2 0
github.com/ellanetworks/core/internal/api/server/api_users.go:587.3,588.17 2 1
github.com/ellanetworks/core/internal/api/server/api_users.go:588.17,592.4 3 0
github.com/ellanetworks/core/internal/api/server/api_users.go:594.3,595.17 2 1
github.com/ellanetworks/core/internal/api/server/api_users.go:595.17,599.4 3 0
github.com/ellanetworks/core/internal/api/server/api_users.go:601.3,614.17 5 1
github.com/ellanetworks/core/internal/api/server/api_users.go:614.17,615.43 1 0
github.com/ellanetworks/core/internal/api/server/api_users.go:615.43,618.5 2 0
github.com/ellanetworks/core/internal/api/server/api_users.go:619.4,620.10 2 0
github.com/ellanetworks/core/internal/api/server/api_users.go:623.3,635.4 3 1
github.com/ellanetworks/core/internal/api/server/api_users.go:639.61,640.71 1 1
github.com/ellanetworks/core/internal/api/server/api_users.go:640.71,643.25 3 1
github.com/ellanetworks/core/internal/api/server/api_users.go:643.25,646.4 2 0
github.com/ellanetworks/core/internal/api/server/api_users.go:648.3,649.20 2 1
github.com/ellanetworks/core/internal/api/server/api_users.go:649.20,652.4 2 0
github.com/ellanetworks/core/internal/api/server/api_users.go:654.3,657.10 3 1
github.com/ellanetworks/core/internal/api/server/api_users.go:657.10,660.4 2 0
github.com/ellanetworks/core/internal/api/server/api_users.go:662.3,663.17 2 1
github.com/ellanetworks/core/internal/api/server/api_users.go:663.17,666.4 2 0
github.com/ellanetworks/core/internal/api/server/api_users.go:668.3,668.29 1 1
github.com/ellanetworks/core/internal/api/server/api_users.go:668.29,671.4 2 0
github.com/ellanetworks/core/internal/api/server/api_users.go:673.3,673.74 1 1
github.com/ellanetworks/core/internal/api/server/api_users.go:673.74,677.4 3 0
github.com/ellanetworks/core/internal/api/server/api_users.go:679.3,687.4 2 1
github.com/ellanetworks/core/internal/api/server/authentication_middleware.go:38.34,38.80 1 1
github.com/ellanetworks/core/internal/api/server/authentication_middleware.go:40.72,41.48 1 1
github.com/ellanetworks/core/internal/api/server/authentication_middleware.go:41.48,43.3 1 0
github.com/ellanetworks/core/internal/api/server/authentication_middleware.go:44.2,46.57 3 1
github.com/ellanetworks/core/internal/api/server/authentication_middleware.go:46.57,48.3 1 0
github.com/ellanetworks/core/internal/api/server/authentication_middleware.go:49.2,49.33 1 1
github.com/ellanetworks/core/internal/api/server/authentication_middleware.go:54.112,61.22 4 1
github.com/ellanetworks/core/internal/api/server/authentication_middleware.go:61.22,63.3 1 0
github.com/ellanetworks/core/internal/api/server/authentication_middleware.go:64.2,65.63 2 1
github.com/ellanetworks/core/internal/api/server/authentication_middleware.go:65.63,67.3 1 1
github.com/ellanetworks/core/internal/api/server/authentication_middleware.go:68.2,69.17 2 1
github.com/ellanetworks/core/internal/api/server/authentication_middleware.go:69.17,71.3 1 0
github.com/ellanetworks/core/internal/api/server/authentication_middleware.go:74.2,74.23 1 1
github.com/ellanetworks/core/internal/api/server/authentication_middleware.go:74.23,76.10 2 1
github.com/ellanetworks/core/internal/api/server/authentication_middleware.go:76.10,78.4 1 0
github.com/ellanetworks/core/internal/api/server/authentication_middleware.go:79.3,80.31 2 1
github.com/ellanetworks/core/internal/api/server/authentication_middleware.go:80.31,82.4 1 1
github.com/ellanetworks/core/internal/api/server/authentication_middleware.go:83.3,83.63 1 1
github.com/ellanetworks/core/internal/api/server/authentication_middleware.go:83.63,85.4 1 0
github.com/ellanetworks/core/internal/api/server/authentication_middleware.go:88.3,88.93 1 1
github.com/ellanetworks/core/internal/api/server/authentication_middleware.go:88.93,90.4 1 1
github.com/ellanetworks/core/internal/api/server/authentication_middleware.go:91.3,92.29 2 1
github.com/ellanetworks/core/internal/api/server/authentication_middleware.go:92.29,94.4 1 0
github.com/ellanetworks/core/internal/api/server/authentication_middleware.go:95.3,95.46 1 1
github.com/ellanetworks/core/internal/api/server/authentication_middleware.go:99.2,100.16 2 1
github.com/ellanetworks/core/internal/api/server/authentication_middleware.go:100.16,102.3 1 1
github.com/ellanetworks/core/internal/api/server/authentication_middleware.go:103.2,103.40 1 1
github.com/ellanetworks/core/internal/api/server/authentication_middleware.go:107.92,112.2 4 1
github.com/ellanetworks/core/internal/api/server/authentication_middleware.go:114.89,115.71 1 1
github.com/ellanetworks/core/internal/api/server/authentication_middleware.go:115.71,117.17 2 1
github.com/ellanetworks/core/internal/api/server/authentication_middleware.go:117.17,121.4 3 1
github.com/ellanetworks/core/internal/api/server/authentication_middleware.go:122.3,123.40 2 1
github.com/ellanetworks/core/internal/api/server/authentication_middleware.go:127.78,129.94 2 1
github.com/ellanetworks/core/internal/api/server/authentication_middleware.go:129.94,130.58 1 1
github.com/ellanetworks/core/internal/api/server/authentication_middleware.go:130.58,132.4 1 0
github.com/ellanetworks/core/internal/api/server/authentication_middleware.go:133.3,133.24 1 1
github.com/ellanetworks/core/internal/api/server/authentication_middleware.go:135.2,135.16 1 1
github.com/ellanetworks/core/internal/api/server/authentication_middleware.go:135.16,137.3 1 1
github.com/ellanetworks/core/internal/api/server/authentication_middleware.go:138.2,138.18 1 1
github.com/ellanetworks/core/internal/api/server/authentication_middleware.go:138.18,140.3 1 0
github.com/ellanetworks/core/internal/api/server/authentication_middleware.go:141.2,141.21 1 1
github.com/ellanetworks/core/internal/api/server/authorization_middleware.go:134.93,135.71 1 1
github.com/ellanetworks/core/internal/api/server/authorization_middleware.go:135.71,137.34 2 1
github.com/ellanetworks/core/internal/api/server/authorization_middleware.go:137.34,138.35 1 1
github.com/ellanetworks/core/internal/api/server/authorization_middleware.go:138.35,141.5 2 1
github.com/ellanetworks/core/internal/api/server/authorization_middleware.go:144.3,144.99 1 1
github.com/ellanetworks/core/internal/api/server/frontend.go:13.65,15.16 2 1
github.com/ellanetworks/core/internal/api/server/frontend.go:15.16,17.3 1 0
github.com/ellanetworks/core/internal/api/server/frontend.go:19.2,21.71 2 1
github.com/ellanetworks/core/internal/api/server/frontend.go:21.71,23.86 1 0
github.com/ellanetworks/core/internal/api/server/frontend.go:23.86,26.4 2 0
github.com/ellanetworks/core/internal/api/server/frontend.go:29.3,29.25 1 0
github.com/ellanetworks/core/internal/api/server/frontend.go:29.25,30.59 1 0
github.com/ellanetworks/core/internal/api/server/frontend.go:30.59,31.36 1 0
github.com/ellanetworks/core/internal/api/server/frontend.go:31.36,34.6 2 0
github.com/ellanetworks/core/internal/api/server/frontend.go:36.4,37.10 2 0
github.com/ellanetworks/core/internal/api/server/frontend.go:41.3,41.24 1 0
github.com/ellanetworks/core/internal/api/server/frontend.go:41.24,42.39 1 0
github.com/ellanetworks/core/internal/api/server/frontend.go:42.39,45.5 2 0
github.com/ellanetworks/core/internal/api/server/frontend.go:46.4,47.10 2 0
github.com/ellanetworks/core/internal/api/server/frontend.go:51.3,51.56 1 0
github.com/ellanetworks/core/internal/api/server/frontend.go:51.56,52.35 1 0
github.com/ellanetworks/core/internal/api/server/frontend.go:52.35,55.5 2 0
github.com/ellanetworks/core/internal/api/server/frontend.go:58.3,58.22 1 0
github.com/ellanetworks/core/internal/api/server/frontend.go:62.44,65.2 2 0
github.com/ellanetworks/core/internal/api/server/frontend.go:67.42,69.14 1 0
github.com/ellanetworks/core/internal/api/server/frontend.go:69.14,71.3 1 0
github.com/ellanetworks/core/internal/api/server/frontend.go:72.2,73.53 2 0
github.com/ellanetworks/core/internal/api/server/frontend.go:76.40,79.2 2 0
github.com/ellanetworks/core/internal/api/server/frontend.go:81.44,84.2 2 0
github.com/ellanetworks/core/internal/api/server/frontend.go:86.96,88.18 2 0
github.com/ellanetworks/core/internal/api/server/frontend.go:88.18,91.3 2 0
github.com/ellanetworks/core/internal/api/server/frontend.go:92.2,93.29 2 0
github.com/ellanetworks/core/internal/api/server/frontend.go:96.62,98.16 2 0
github.com/ellanetworks/core/internal/api/server/frontend.go:98.16,101.3 2 0
github.com/ellanetworks/core/internal/api/server/frontend.go:103.2,106.14 3 0
github.com/ellanetworks/core/internal/api/server/frontend.go:106.14,107.10 1 0
github.com/ellanetworks/core/internal/api/server/frontend.go:108.38,109.35 1 0
github.com/ellanetworks/core/internal/api/server/frontend.go:110.37,111.36 1 0
github.com/ellanetworks/core/internal/api/server/frontend.go:112.11,113.35 1 0
github.com/ellanetworks/core/internal/api/server/frontend.go:117.2,119.22 3 0
github.com/ellanetworks/core/internal/api/server/helpers.go:10.50,11.66 1 1
github.com/ellanetworks/core/internal/api/server/helpers.go:11.66,13.3 1 1
github.com/ellanetworks/core/internal/api/server/helpers.go:14.2,14.11 1 0
github.com/ellanetworks/core/internal/api/server/helpers.go:18.42,20.25 2 1
github.com/ellanetworks/core/internal/api/server/helpers.go:20.25,22.19 2 0
github.com/ellanetworks/core/internal/api/server/helpers.go:22.19,24.16 2 0
github.com/ellanetworks/core/internal/api/server/helpers.go:24.16,26.5 1 0
github.com/ellanetworks/core/internal/api/server/helpers.go:31.2,32.19 2 1
github.com/ellanetworks/core/internal/api/server/helpers.go:32.19,34.3 1 0
github.com/ellanetworks/core/internal/api/server/helpers.go:37.2,38.16 2 1
github.com/ellanetworks/core/internal/api/server/helpers.go:38.16,40.3 1 0
github.com/ellanetworks/core/internal/api/server/helpers.go:41.2,41.11 1 1
github.com/ellanetworks/core/internal/api/server/helpers.go:44.41,45.13 1 1
github.com/ellanetworks/core/internal/api/server/helpers.go:45.13,47.3 1 1
github.com/ellanetworks/core/internal/api/server/helpers.go:49.2,49.43 1 1
github.com/ellanetworks/core/internal/api/server/helpers.go:49.43,51.3 1 1
github.com/ellanetworks/core/internal/api/server/helpers.go:53.2,53.12 1 0
github.com/ellanetworks/core/internal/api/server/op.go:8.53,10.35 1 1
github.com/ellanetworks/core/internal/api/server/op.go:10.35,12.3 1 0
github.com/ellanetworks/core/internal/api/server/op.go:15.2,16.16 2 1
github.com/ellanetworks/core/internal/api/server/op.go:16.16,18.3 1 0
github.com/ellanetworks/core/internal/api/server/op.go:21.2,26.17 3 1
github.com/ellanetworks/core/internal/api/server/response.go:27.82,31.16 3 1
github.com/ellanetworks/core/internal/api/server/response.go:31.16,35.3 3 0
github.com/ellanetworks/core/internal/api/server/response.go:37.2,41.46 3 1
github.com/ellanetworks/core/internal/api/server/response.go:41.46,45.3 3 0
github.com/ellanetworks/core/internal/api/server/response.go:49.99,55.16 4 1
github.com/ellanetworks/core/internal/api/server/response.go:55.16,59.3 3 0
github.com/ellanetworks/core/internal/api/server/response.go:61.2,66.16 4 1
github.com/ellanetworks/core/internal/api/server/response.go:66.16,68.3 1 0
github.com/ellanetworks/core/internal/api/server/server.go:20.210,125.16 69 1
github.com/ellanetworks/core/internal/api/server/server.go:125.16,128.3 2 0
github.com/ellanetworks/core/internal/api/server/server.go:129.2,131.32 2 1
github.com/ellanetworks/core/internal/api/server/server.go:131.32,133.3 1 0
github.com/ellanetworks/core/internal/api/server/server.go:135.2,136.27 2 1
github.com/ellanetworks/core/internal/api/server/server.go:136.27,138.3 1 0
github.com/ellanetworks/core/internal/api/server/server.go:140.2,140.16 1 1
github.com/ellanetworks/core/internal/api/server/tracing_middleware.go:11.79,15.81 1 0
github.com/ellanetworks/core/internal/api/server/tracing_middleware.go:15.81,20.4 3 0
